p_class:
[3.1114634e-02 4.5703155e-17 6.8645803e-15 8.0362491e-18 1.8376600e-10
 1.9512569e-17 1.4781994e-17 2.1587900e-17 1.5075383e-17 1.6775112e-12
 2.7968083e-08 5.6935484e-13 7.1392213e-18 1.7762560e-14 5.3253739e-17
 1.0005368e-07 1.3964304e-09 2.2901701e-17 2.9695688e-09 7.3886564e-10
 5.2727276e-09 2.6994840e-13 1.5490864e-06 1.6492805e-13 4.1859607e-08
 5.6320087e-12 2.9197120e-06 6.9118160e-14 1.8055885e-17 1.6058281e-14
 2.8233929e-08 9.6888071e-01]
[9.8289400e-01 1.7650548e-19 6.5001732e-17 6.3138884e-20 2.6885404e-11
 7.7955705e-20 1.8574335e-19 1.6448857e-19 9.6487807e-20 6.2818349e-14
 5.7412747e-10 1.2320736e-14 3.3044809e-20 4.9248174e-16 7.2058784e-19
 3.3687877e-09 1.8190369e-10 3.2084516e-19 1.1166350e-10 1.1400641e-11
 2.0406314e-10 3.2385495e-14 1.9462587e-07 4.3821643e-15 2.1999290e-08
 2.4954371e-13 2.7714830e-07 1.0553283e-15 2.0897472e-19 8.6636584e-16
 3.7416734e-10 1.7105591e-02]
[2.0244090e-01 1.4295145e-17 5.4825919e-15 6.2271968e-18 9.3954608e-11
 7.2391232e-18 6.7765208e-18 9.8666658e-18 1.6467488e-17 2.3059013e-12
 1.1725952e-08 4.9704902e-13 8.4802614e-18 1.9303842e-14 3.7815581e-17
 1.5937189e-07 4.3120090e-09 7.4992939e-18 1.1729352e-08 1.4009026e-10
 1.0722355e-08 1.0471373e-12 3.3299805e-06 9.5611859e-14 2.5058833e-07
 6.9463649e-12 4.4745389e-06 1.5429191e-14 1.4620530e-17 5.1832949e-15
 9.6689714e-09 7.9755080e-01]
[8.85158598e-01 7.40302329e-18 3.40295931e-15 4.83148379e-18
 1.47070897e-10 6.67973698e-18 6.23330471e-18 1.11828698e-17
 6.57660327e-18 3.78755881e-12 1.29071598e-08 2.48303575e-13
 5.34908668e-18 6.88035842e-15 2.99439282e-17 2.70121603e-07
 2.20401453e-09 1.59234965e-17 1.21796253e-08 1.83350307e-10
 1.42501833e-08 3.85182251e-12 4.64716095e-06 1.15597717e-13
 1.02111164e-06 2.07606827e-12 8.69988435e-06 1.25502094e-14
 1.14414282e-17 7.59868259e-15 4.99141040e-09 1.14826664e-01]
[8.7644458e-03 1.3608573e-17 2.6534569e-15 8.4793970e-18 1.0448510e-10
 7.1035823e-18 1.4035897e-17 1.9608085e-17 1.5617670e-17 1.0579167e-12
 6.9744348e-09 2.4348771e-13 5.7563222e-18 1.4398564e-14 4.0145788e-17
 4.8034416e-08 1.7171643e-09 1.5391442e-17 1.8440941e-09 2.9193173e-10
 3.6102581e-09 6.3473277e-13 1.0728708e-06 8.9219634e-14 5.7910849e-08
 2.7623804e-12 1.0892506e-06 5.3870584e-14 2.3272123e-17 4.1866420e-15
 4.1143009e-09 9.9123329e-01]
[1.0384990e-02 1.5508624e-18 6.9968045e-16 1.7305204e-19 1.8498479e-11
 5.3025126e-19 1.4367776e-18 5.9280080e-19 5.0413127e-19 1.1596812e-13
 8.8682688e-09 4.1237555e-14 2.3721542e-19 2.8397849e-15 2.4612186e-18
 3.2319342e-08 4.4717124e-10 4.5349608e-19 7.0244788e-10 2.7458719e-10
 1.4327887e-09 2.3762945e-14 2.7070951e-07 1.4852247e-14 1.2285722e-08
 2.0663276e-12 8.0451110e-07 8.0786919e-15 6.6615305e-19 1.2922173e-15
 8.7605052e-09 9.8961395e-01]
[2.5244145e-02 3.9577439e-17 7.0612643e-15 9.6193173e-18 2.3857721e-10
 1.4606177e-17 1.7439277e-17 2.7283454e-17 1.8345845e-17 2.1958496e-12
 2.7430724e-08 6.8620570e-13 1.0375917e-17 2.1249136e-14 8.6881460e-17
 7.3412352e-08 1.9222035e-09 1.6745681e-17 3.6490231e-09 5.8765959e-10
 6.6438726e-09 3.4795650e-13 1.0612993e-06 1.8447818e-13 4.4420975e-08
 6.7853370e-12 4.0883010e-06 7.2178090e-14 2.1327959e-17 1.1398340e-14
 2.1346860e-08 9.7475046e-01]
[9.9523759e-01 1.2896106e-21 3.5262250e-18 1.9472965e-21 1.6706522e-12
 2.1772278e-21 2.2381292e-21 3.8027448e-21 7.7814386e-22 2.8400620e-14
 2.7200842e-10 1.6673952e-16 1.5871136e-21 1.1747661e-17 1.2746549e-20
 3.7502129e-10 1.6609442e-10 2.3133984e-21 1.1675305e-10 1.1954053e-13
 1.2145610e-10 5.5269442e-15 9.7874157e-08 1.6315373e-16 2.1148047e-08
 5.8246483e-15 3.2886589e-07 6.5982427e-18 4.3944988e-21 1.5891888e-17
 8.2144479e-11 4.7619273e-03]
[3.7837072e-04 2.2145985e-19 1.8967296e-16 1.3724344e-19 7.0537959e-12
 2.4322700e-19 3.1301693e-19 3.3457527e-19 2.9537317e-19 7.4219893e-14
 1.1112080e-09 1.2487087e-14 4.7337879e-20 4.4023637e-16 1.8593889e-18
 2.4056976e-09 4.5994006e-10 1.9883743e-19 4.3536946e-10 1.9776484e-11
 4.8757209e-10 5.0594562e-14 6.5080243e-08 5.0382765e-15 1.1089091e-08
 1.5249745e-13 4.0895338e-07 6.0611820e-16 2.7434202e-19 1.3863754e-16
 6.4958516e-10 9.9962115e-01]
[2.4834974e-02 5.8119468e-18 1.9985001e-15 5.0920597e-19 5.0935377e-11
 1.8763045e-18 3.9263091e-18 3.7198515e-18 1.6635824e-18 2.5898375e-13
 1.2312493e-08 1.4317127e-13 6.7804026e-19 9.7599634e-15 9.9571180e-18
 6.2594232e-08 8.9006841e-10 1.5763284e-18 1.1453714e-09 7.4004491e-10
 3.9777048e-09 9.8727186e-14 4.6198235e-07 4.2562335e-14 2.2180057e-08
 5.6952260e-12 2.1407552e-06 2.3508651e-14 2.3399852e-18 3.7411891e-15
 1.6716573e-08 9.7516227e-01]
[8.35698426e-01 6.08113408e-18 3.22276661e-15 4.33056637e-18
 2.56883209e-10 5.91252530e-18 5.93143383e-18 1.01835942e-17
 6.00515258e-18 2.74308224e-12 1.38953018e-08 2.42935880e-13
 4.50180599e-18 7.31405073e-15 2.11748608e-17 3.65896426e-07
 3.17867555e-09 1.19304698e-17 9.22119892e-09 2.39536030e-10
 2.53266776e-08 5.50899474e-12 5.25407449e-06 2.27357345e-13
 7.66081598e-07 1.84949972e-12 1.07843516e-05 1.13983386e-14
 1.19216438e-17 5.93957079e-15 2.79533818e-09 1.64284363e-01]
[7.5655401e-01 1.2477689e-17 5.4525628e-15 4.1193855e-18 4.1482995e-10
 4.3660681e-18 6.1985255e-18 9.6593875e-18 8.6499691e-18 1.7418260e-12
 2.1330314e-08 2.9896195e-13 3.6937767e-18 8.0579659e-15 3.0389755e-17
 4.0029505e-07 4.3200230e-09 2.1290463e-17 9.9289057e-09 4.5430432e-10
 2.4850012e-08 7.1048376e-12 5.4365073e-06 2.4170995e-13 1.1977816e-06
 1.4307142e-12 9.6788854e-06 1.8803064e-14 1.2406496e-17 5.8296526e-15
 9.3044576e-09 2.4342929e-01]
[2.2463540e-02 5.2589556e-17 7.7017318e-15 3.0477979e-17 3.3529990e-10
 2.4863732e-17 4.1340419e-17 5.0467341e-17 6.0887084e-17 1.9885441e-12
 1.7786922e-08 8.0842651e-13 2.4120370e-17 4.9028097e-14 1.2597881e-16
 2.0638120e-07 4.0355523e-09 4.1681509e-17 4.4116333e-09 1.1852481e-09
 1.0314878e-08 1.5962835e-12 2.2919571e-06 2.8686569e-13 1.1438526e-07
 8.9735944e-12 3.1212496e-06 1.4584555e-13 7.1078115e-17 1.3305977e-14
 9.2152108e-09 9.7753066e-01]
[4.6784263e-03 3.6599543e-20 2.8621032e-17 2.1915614e-20 1.1164390e-11
 1.8568489e-20 4.9580327e-20 9.4419869e-20 7.7540667e-20 3.1339396e-14
 2.3440228e-10 5.8945662e-15 1.6172140e-20 2.1074634e-16 6.1221695e-19
 2.0253093e-09 1.8773814e-10 6.6755298e-20 6.1883616e-11 9.2286500e-12
 1.1797462e-10 4.3067146e-14 8.9230923e-08 4.0405149e-15 2.2155650e-08
 1.6198252e-13 3.4055398e-07 9.5173310e-16 8.2780630e-20 2.7988668e-16
 3.0700845e-10 9.9532109e-01]
[8.5862398e-02 5.9406635e-18 1.8380825e-15 2.5446785e-18 2.8981810e-11
 3.9337951e-18 2.6784021e-18 4.8833579e-18 2.5772489e-18 6.4488773e-13
 5.9655685e-09 3.0099922e-13 2.5360636e-18 5.8959033e-15 2.2387696e-17
 1.4691416e-07 1.7770835e-09 4.1762405e-18 3.1164580e-09 1.5095025e-10
 1.4011022e-08 6.1344950e-13 2.3628465e-06 1.3996161e-13 3.3340217e-07
 1.2529655e-12 4.9204687e-06 1.0900798e-14 5.2010648e-18 2.5440514e-15
 7.9736981e-09 9.1412991e-01]
[2.4757371e-04 9.3487080e-21 4.2237953e-17 5.9167046e-21 1.7084577e-12
 5.9289960e-21 9.6453945e-21 2.1830380e-20 6.0576161e-21 8.2377461e-15
 6.0871461e-11 2.3613966e-15 3.7808091e-21 1.4736760e-16 6.2710197e-20
 1.3470407e-09 2.8187013e-11 3.8477259e-20 1.2806921e-11 3.0822736e-12
 1.6738337e-10 1.1988450e-15 1.1265713e-08 6.7858562e-16 1.6445997e-09
 1.7105108e-13 3.6403229e-08 1.4583974e-16 2.8185271e-20 1.3069848e-16
 5.7846178e-10 9.9975234e-01]
[7.1191491e-04 1.0111155e-18 1.6637712e-16 3.0924928e-19 1.1490155e-11
 2.8284389e-19 3.9908691e-19 5.1240649e-19 4.4236782e-19 1.2201415e-13
 4.5229495e-10 1.3734042e-14 3.0115700e-19 1.3744307e-15 1.9794190e-18
 5.6209863e-09 4.3341666e-10 5.9158334e-19 5.8230326e-10 1.7196140e-11
 3.8553433e-10 4.5917568e-14 1.4716007e-07 5.5546248e-15 1.4606840e-08
 3.5476548e-13 2.5055149e-07 9.9063775e-16 1.2341796e-18 2.9435176e-16
 8.9888191e-10 9.9928766e-01]
[7.29807317e-01 3.65777654e-18 3.18040988e-15 2.03696224e-18
 2.33086800e-10 4.93843866e-18 3.52910032e-18 6.37265321e-18
 2.84932019e-18 2.78291019e-12 1.16505010e-08 1.39114862e-13
 1.72980940e-18 5.89685364e-15 1.37544204e-17 2.11374271e-07
 3.86194809e-09 6.32687289e-18 6.35654951e-09 1.81007515e-10
 1.33643230e-08 3.54412701e-12 5.79016978e-06 1.48460305e-13
 9.74196496e-07 1.64820653e-12 1.19113674e-05 7.12648798e-15
 5.88933612e-18 3.29487600e-15 3.42094175e-09 2.70173728e-01]
[9.3294360e-04 5.4818979e-23 1.1505224e-19 1.6688005e-23 1.7027200e-13
 1.6866564e-23 1.0846677e-22 5.0332942e-23 1.5419648e-22 7.3907211e-17
 8.5733227e-13 7.0006783e-17 1.1160543e-23 2.1364854e-19 4.6236079e-22
 2.6854845e-11 2.0025963e-14 6.4357172e-23 1.1526434e-13 7.0466085e-15
 1.5111339e-11 2.1887460e-18 3.9154460e-10 5.1537889e-18 3.0618680e-12
 1.2463354e-13 8.9650753e-10 3.0768457e-18 6.9420984e-23 2.9193189e-17
 7.8755839e-12 9.9906713e-01]
[6.19784114e-04 2.19831913e-18 2.42362040e-16 6.56890129e-19
 1.25659856e-11 5.72761776e-19 1.34192032e-18 8.32276976e-19
 5.15589120e-19 7.56435455e-14 2.42723308e-09 6.72819751e-14
 4.14722329e-19 1.67025950e-15 5.21651072e-18 1.70131909e-08
 2.11314383e-10 9.41141906e-19 1.75323159e-10 9.09458758e-11
 5.86210747e-10 1.99920003e-14 1.04038875e-07 1.38670855e-14
 4.99799180e-09 2.40090445e-13 2.47011400e-07 3.69518716e-15
 1.31266615e-18 4.37350189e-16 2.22832730e-09 9.99379873e-01]
[9.90545154e-01 3.17250321e-22 8.26570050e-19 2.84450797e-22
 1.32672725e-12 1.58615707e-22 1.44325422e-22 6.43995246e-22
 3.95994896e-22 6.35519079e-16 8.15425331e-12 2.45023788e-16
 8.24307581e-23 2.72101331e-18 2.40513244e-21 3.33541417e-10
 5.95844066e-13 6.63260315e-22 6.71441364e-13 4.07803030e-14
 1.20711045e-11 1.40043994e-16 2.38338260e-09 3.10324351e-17
 1.00838664e-10 2.02822825e-13 2.03941344e-08 7.08137212e-17
 1.58897397e-21 3.08066968e-16 2.99493555e-11 9.45483148e-03]
[2.9392329e-03 9.0268343e-18 1.8040169e-15 2.2423502e-18 2.1217226e-11
 2.2038244e-18 3.6964886e-18 4.4778219e-18 3.6066605e-18 2.5862282e-13
 3.8810195e-09 9.9546836e-14 2.0296622e-18 8.5215445e-15 1.2888583e-17
 1.7734685e-08 1.1012823e-09 3.0971563e-18 7.0498735e-10 9.0565118e-11
 1.1156696e-09 1.0646259e-13 3.3656332e-07 5.1424139e-14 2.3912056e-08
 1.3266939e-12 6.2647445e-07 1.3458381e-14 4.5570033e-18 1.4688838e-15
 2.1718205e-09 9.9705976e-01]
[2.1233752e-03 6.4744709e-19 5.2475962e-16 3.7173091e-19 6.3366474e-12
 4.0946751e-19 5.7561638e-19 6.0508220e-19 1.0049876e-18 1.0498592e-13
 9.1531416e-10 1.4053646e-14 3.1495724e-19 1.6875274e-15 2.7409628e-18
 3.6829866e-09 6.4275846e-10 4.3188048e-19 4.6732829e-10 2.6220876e-11
 7.0973249e-10 6.7361000e-14 1.0994156e-07 7.0278247e-15 1.7233726e-08
 4.5008076e-13 4.5749042e-07 2.3972161e-15 6.2205735e-19 2.6681826e-16
 1.0529456e-09 9.9787605e-01]
[3.38335871e-04 2.12703497e-19 1.63957719e-16 1.73555197e-19
 6.42820476e-12 1.33824317e-19 3.18687590e-19 2.63178291e-19
 1.80184753e-19 7.24167091e-14 7.47569617e-10 1.01981784e-14
 5.99340111e-20 4.15887089e-16 1.54928416e-18 1.99252681e-09
 4.80672668e-10 1.95843282e-19 3.99148131e-10 2.02712847e-11
 4.19543733e-10 4.17264490e-14 5.18496925e-08 4.64074444e-15
 1.04367093e-08 1.56621474e-13 2.68962538e-07 6.54212302e-16
 2.00573243e-19 1.20257807e-16 6.29414687e-10 9.99661326e-01]
[9.9801362e-01 2.3785118e-19 5.9439922e-17 8.1188856e-20 1.3750588e-10
 6.8788527e-20 6.2367544e-20 1.5562169e-19 1.1649925e-19 2.0655515e-13
 1.9671400e-09 4.6700742e-15 7.3874803e-20 4.2067799e-16 6.4467236e-19
 5.2702269e-09 1.3944775e-09 9.4616848e-19 1.5752383e-10 6.3172645e-10
 3.1352163e-10 4.8902251e-13 1.4643437e-07 7.5267883e-14 3.7916983e-08
 5.6824388e-14 2.2333195e-07 8.3425063e-15 3.9997939e-19 1.7562376e-16
 4.0483966e-10 1.9860375e-03]
[9.9816751e-01 2.3017161e-19 7.2337084e-17 5.0579933e-20 1.5269097e-10
 4.0100491e-20 7.7868392e-20 1.2140532e-19 3.6383168e-20 1.9856861e-13
 1.0626727e-09 3.0166231e-15 5.6310094e-20 4.8858629e-16 4.1704141e-19
 2.6409932e-09 5.6023702e-10 9.7391718e-19 4.4156626e-11 5.6506733e-10
 4.2041126e-10 2.5485286e-13 5.6570308e-08 3.1595450e-14 2.5921272e-08
 2.7086794e-14 1.9036428e-07 9.5622651e-15 3.0937077e-19 1.4672875e-16
 4.8658644e-10 1.8321758e-03]
[6.9361907e-01 4.1567422e-18 3.3696548e-15 1.7870970e-18 4.9769133e-11
 1.9714615e-18 2.8649167e-18 6.5383255e-18 2.8973606e-18 1.7500083e-12
 1.3126347e-08 1.8456738e-13 1.0801317e-18 9.4840534e-15 1.5010574e-17
 1.9134794e-07 7.3408604e-09 5.1469692e-18 5.6468421e-09 3.4775235e-10
 1.0964691e-08 7.2958843e-13 2.7433214e-06 4.8977834e-14 1.6293674e-07
 2.4763143e-12 4.2576075e-06 2.0015187e-14 6.3234463e-18 2.1480033e-15
 1.2294731e-08 3.0637360e-01]
[1.9591046e-04 3.3450119e-19 1.2696930e-16 2.3441197e-19 1.3075294e-11
 1.2182677e-19 3.6707928e-19 2.9042903e-19 4.0566462e-19 3.8928191e-14
 4.7978588e-10 6.5376459e-15 8.1193134e-20 4.0498953e-16 1.5349387e-18
 2.0492572e-09 1.0189291e-10 3.9176579e-19 8.9231650e-11 9.4361576e-12
 2.9385444e-10 2.4023298e-14 4.7218851e-08 6.8510286e-15 1.3984967e-08
 1.9832440e-13 8.2401023e-08 6.9996738e-16 3.5740556e-19 2.1137114e-16
 8.0358514e-10 9.9980396e-01]
[9.9495959e-01 3.3796519e-19 1.1935205e-16 9.2527868e-20 1.7665945e-10
 1.1729504e-19 1.3607813e-19 3.1307744e-19 1.3099740e-19 3.0130632e-13
 2.5142028e-09 7.4706629e-15 1.5737959e-19 4.1095116e-16 1.0550948e-18
 6.1502377e-09 1.7853820e-09 1.2441781e-18 2.2406554e-10 1.2321444e-09
 6.8257355e-10 6.0739602e-13 1.9393302e-07 7.5100984e-14 5.7068860e-08
 9.7232396e-14 7.7927120e-07 1.6248018e-14 4.3701927e-19 2.3824617e-16
 5.9796534e-10 5.0394163e-03]
[9.0122533e-01 2.9569407e-17 4.8026700e-15 7.6423217e-18 1.5113463e-10
 1.3917125e-17 6.8053427e-18 1.3827902e-17 1.2055300e-17 1.8138455e-12
 1.3653084e-08 4.8954753e-13 5.6330098e-18 1.5850104e-14 3.0604319e-17
 1.8353957e-07 4.1825650e-09 1.3051903e-17 7.9683007e-09 5.6304122e-10
 2.6340508e-08 1.5982175e-12 2.3403529e-06 1.3943616e-13 6.1095784e-07
 3.9458224e-12 5.3516774e-06 4.6389027e-14 2.3626462e-17 8.4060219e-15
 1.5557761e-08 9.8766148e-02]
[9.8459333e-01 2.0416074e-21 2.9389773e-18 2.1305295e-21 1.0792477e-12
 7.1912853e-21 1.4362750e-21 4.5130506e-21 1.7939078e-21 4.0580040e-15
 6.2127808e-10 1.3014070e-15 9.3478730e-22 6.6441922e-18 3.5661711e-20
 4.4994293e-09 1.5423525e-11 6.6273743e-21 9.0781029e-11 2.0694084e-13
 3.1947245e-10 8.4220264e-16 1.1058561e-07 3.1177104e-16 9.1232435e-09
 2.0607299e-14 2.7773129e-07 3.0583286e-17 1.6333093e-21 5.3623968e-17
 5.0896936e-11 1.5406280e-02]
[9.33302701e-01 6.62122473e-20 5.78886337e-17 1.52457158e-20
 1.45982462e-11 4.72986463e-20 6.59141198e-20 4.96654620e-20
 3.89118491e-20 7.24153674e-14 7.53411666e-10 3.83930897e-15
 1.54905273e-20 1.09548664e-16 1.64943717e-19 1.71529912e-09
 3.41879469e-10 5.14928300e-20 5.23608878e-10 8.56413627e-13
 5.27412725e-10 4.59903417e-14 4.04853893e-07 1.82058276e-15
 8.08005325e-08 1.17969829e-13 4.73893977e-07 1.47623665e-17
 5.88906132e-20 2.08760203e-16 4.22317820e-10 6.66962862e-02]
[9.9960262e-01 3.8644579e-22 5.3882695e-19 5.8313022e-22 3.3133384e-13
 2.4112416e-22 3.4514939e-22 5.9250527e-22 1.7608277e-22 4.3648942e-15
 9.2402530e-11 2.4764927e-17 2.2192985e-22 1.3720380e-18 1.4992835e-21
 5.9922310e-11 3.4676140e-11 5.4845038e-22 1.9724208e-11 9.2051932e-15
 1.7688894e-11 1.1752794e-15 1.7791923e-08 3.6382477e-17 9.2857393e-09
 1.8683870e-15 7.2993153e-08 9.8414878e-19 8.8399294e-22 2.4526211e-18
 1.5742463e-11 3.9731743e-04]
[9.8043847e-01 3.3361125e-19 1.9922387e-16 3.2695027e-19 7.2797816e-11
 2.9429073e-19 5.1454946e-19 1.9105937e-19 2.7278147e-19 2.8819191e-13
 2.0457827e-09 1.6324551e-14 7.8006059e-20 9.8887105e-16 2.4519422e-18
 5.2376277e-09 5.2063504e-10 9.1817979e-19 1.8705665e-10 2.1784627e-10
 6.2181854e-10 1.1489728e-13 2.1354894e-07 2.0193802e-14 4.2654793e-08
 4.5821279e-13 2.4435340e-07 2.2254224e-15 7.7486201e-19 3.0804782e-15
 6.6643602e-10 1.9561093e-02]
[1.59101307e-01 1.01787936e-16 1.20769356e-14 2.60273736e-17
 2.20296462e-10 3.22527515e-17 3.88104177e-17 6.81822546e-17
 5.74638600e-17 2.67259977e-12 4.04570564e-08 1.53510212e-12
 3.21424585e-17 4.69379377e-14 1.91391171e-16 2.37351813e-07
 2.52147681e-09 3.63053773e-17 8.54587512e-09 2.07940243e-09
 1.80646875e-08 1.25487977e-12 2.04586559e-06 2.89305472e-13
 7.28005602e-08 9.07452846e-12 3.72697605e-06 1.16225470e-13
 4.85723268e-17 1.80977043e-14 2.68725504e-08 8.40892553e-01]
[6.55056536e-01 8.42428116e-18 2.91280231e-15 2.97429540e-18
 2.82587877e-11 3.34152699e-18 6.09469198e-18 2.40590428e-17
 7.94855221e-18 1.23719568e-12 3.00100211e-08 3.10535235e-13
 5.20579294e-18 1.08674251e-14 2.80139339e-17 2.60209077e-07
 5.09496179e-09 1.50677152e-17 3.58880348e-09 1.78328485e-09
 1.73242327e-08 6.65357905e-13 2.28712588e-06 1.64781912e-13
 5.00835533e-08 3.16002541e-12 5.61104525e-06 5.89026847e-14
 7.38330413e-18 8.73648586e-15 1.46610475e-08 3.44935179e-01]
[9.19693768e-01 4.28935375e-18 1.55891745e-15 1.11367710e-18
 5.52943628e-11 3.31975663e-18 3.21365624e-18 2.41303081e-18
 2.00545452e-18 1.10204185e-12 7.15993131e-09 1.09467536e-13
 1.42402358e-18 3.68846003e-15 1.03547131e-17 7.91322563e-08
 2.09984075e-09 3.05014724e-18 4.03856548e-09 4.86926992e-11
 6.33222585e-09 1.43106371e-12 2.15372575e-06 7.34948601e-14
 5.68071982e-07 6.84832182e-13 6.31934927e-06 2.60132077e-15
 3.73549388e-18 1.76299775e-15 3.84871912e-09 8.02971348e-02]
[4.3000948e-02 8.6029993e-17 1.2459041e-14 3.8116933e-17 4.5127388e-10
 2.7256638e-17 8.0977243e-17 5.1401043e-17 8.0449820e-17 2.4097265e-12
 3.1807122e-08 1.0240175e-12 2.5830887e-17 6.0213661e-14 1.7758517e-16
 2.7329298e-07 3.4280216e-09 4.9491712e-17 4.1784540e-09 1.3807386e-09
 1.1073262e-08 1.3468906e-12 2.1808471e-06 3.4482253e-13 1.3688954e-07
 1.2873445e-11 3.8754347e-06 2.5457937e-13 7.6462385e-17 1.8562854e-14
 1.7896644e-08 9.5699251e-01]
[9.9954081e-01 1.8184639e-19 5.1714028e-17 5.7838711e-20 7.7139496e-11
 3.6327197e-20 3.3350717e-20 1.0179939e-19 6.2527352e-20 9.4703684e-14
 9.9450825e-10 2.9670512e-15 3.8949612e-20 2.9586069e-16 4.7600817e-19
 2.2330433e-09 8.4709573e-10 4.7794051e-19 8.8297425e-11 3.1977335e-10
 1.5748076e-10 3.8910176e-13 6.1506221e-08 4.4991395e-14 2.4560256e-08
 4.0085692e-14 8.8922903e-08 7.1152241e-15 2.4034100e-19 7.7274147e-17
 3.3321704e-10 4.5904040e-04]
[6.12863991e-03 5.88340127e-21 9.16452012e-18 9.49499784e-21
 5.66840758e-12 9.71071427e-21 6.00860241e-21 1.52390903e-20
 1.59647038e-20 7.50073340e-15 1.09342835e-09 5.87032669e-15
 2.31613379e-21 2.90478931e-17 1.17441010e-19 1.20327659e-08
 1.02581374e-10 2.77436733e-20 5.02313087e-11 6.51892342e-12
 1.04485820e-09 2.04256850e-15 1.04217222e-07 5.89586283e-16
 6.07778583e-09 7.88513609e-14 3.13040005e-07 2.97644492e-16
 1.18784517e-20 5.81489177e-17 1.18111645e-10 9.93870974e-01]
[7.2212711e-02 3.3766954e-24 6.6892917e-21 8.4032067e-25 3.6598835e-13
 7.9846065e-25 9.4687615e-25 5.9276157e-25 5.2623649e-25 3.8620933e-16
 4.8473513e-11 1.8971032e-18 1.6555608e-25 2.7677731e-20 1.2541639e-23
 9.3319510e-12 1.1378552e-11 1.4300835e-23 6.0168423e-13 4.7193418e-13
 1.0199837e-12 7.4357760e-17 1.2940641e-08 2.8485966e-17 1.6234782e-09
 2.8119214e-17 2.3461274e-08 2.1246304e-18 3.0739766e-24 1.6936050e-19
 7.0144285e-12 9.2778724e-01]
[2.2619979e-03 1.9671255e-18 5.2436819e-16 1.2165937e-18 3.6635115e-11
 1.1268447e-18 1.4756374e-18 2.4528196e-18 2.2170709e-18 2.9384210e-13
 1.1926404e-09 3.5936271e-14 8.3613267e-19 5.6662290e-15 7.4459755e-18
 9.6825747e-09 2.3005633e-09 2.0629142e-18 1.7986895e-09 3.5158810e-11
 1.5165911e-09 3.3500392e-13 3.7220306e-07 2.6525150e-14 5.7739406e-08
 1.0415164e-12 8.7444499e-07 2.9275373e-15 2.7723246e-18 7.9508579e-16
 1.2848158e-09 9.9773669e-01]
[1.65478867e-02 5.23702586e-21 1.10084984e-17 4.08364407e-21
 4.41121827e-11 2.91547784e-21 2.52692126e-21 6.49509729e-21
 3.08001610e-21 5.75137336e-14 4.93530328e-10 1.39499630e-16
 2.01571334e-21 3.67495931e-17 4.62940742e-20 2.67755179e-10
 9.79925363e-10 1.71332046e-20 3.60223414e-11 5.79330464e-12
 5.29124071e-11 7.59449198e-14 7.35630934e-08 1.43745716e-15
 3.89943935e-08 1.96684930e-14 1.31167909e-07 1.92029622e-16
 2.23831923e-20 1.09408923e-16 5.76952167e-11 9.83451843e-01]
[6.5192603e-02 4.4336484e-17 9.5751459e-15 1.9692816e-17 9.4624572e-11
 1.4491243e-17 1.4605457e-17 2.3042565e-17 2.0101073e-17 2.4374469e-12
 1.8073125e-08 7.9131563e-13 9.0791195e-18 3.0090442e-14 1.2454506e-16
 1.5075200e-07 1.0460739e-08 1.3105139e-17 7.7896729e-09 8.1505580e-10
 1.8646684e-08 1.3460937e-12 1.8095598e-06 2.5009704e-13 2.0074700e-07
 5.3382515e-12 3.1904444e-06 3.5248809e-14 1.8802418e-17 7.9858817e-15
 2.0954435e-08 9.3480194e-01]
[9.89575267e-01 2.67453988e-19 1.96398459e-16 1.16390917e-19
 1.08846656e-11 1.88598511e-19 4.09264901e-19 1.96918048e-19
 1.66350015e-19 1.86690764e-13 2.03933603e-09 1.49828287e-14
 1.06992258e-19 5.35829072e-16 1.80999588e-18 1.03216582e-08
 4.74733308e-10 2.07990067e-19 4.14279083e-10 3.74438067e-12
 1.19875643e-09 1.57765389e-13 2.85265742e-07 6.76311254e-15
 6.27894110e-08 3.14932650e-13 9.52599464e-07 2.29399445e-16
 2.20351067e-19 3.46460431e-16 7.05204617e-10 1.04232598e-02]
[6.27044082e-01 1.54238033e-17 2.98400602e-15 4.05556066e-18
 1.24224325e-10 5.66428220e-18 6.28453903e-18 7.97208798e-18
 3.80313823e-18 1.59353173e-12 2.19524594e-08 7.17832315e-13
 4.84754226e-18 1.20981284e-14 3.05150568e-17 1.78966417e-07
 4.20042978e-09 1.10667973e-17 8.02448152e-09 6.26181940e-10
 1.67467373e-08 1.77399057e-12 2.76294577e-06 2.59875048e-13
 4.42595223e-07 2.95701354e-12 1.20835175e-05 2.56733145e-14
 1.15440532e-17 3.22022106e-15 1.65599037e-08 3.72940481e-01]
[8.2167464e-01 4.1146779e-19 3.1606195e-16 4.2001884e-19 1.7779396e-11
 5.7876375e-19 3.6707016e-19 4.5518586e-19 4.3141034e-19 2.8639276e-13
 5.0419726e-09 3.4946689e-14 2.2868282e-19 7.5750808e-16 3.6101160e-18
 1.0090498e-07 8.8418645e-10 1.0152119e-18 2.0261710e-09 1.3622423e-11
 7.6824032e-09 1.0449187e-13 2.0758282e-06 1.8315183e-14 2.3375171e-07
 3.8753893e-13 4.7309813e-06 1.2407282e-15 3.7282509e-19 1.3845813e-15
 2.6255029e-09 1.7831822e-01]
[9.1598052e-01 3.1052019e-18 1.5853855e-15 1.8454015e-18 2.8246888e-10
 2.0105212e-18 5.2788632e-18 5.0524064e-18 1.8159113e-18 1.6723648e-12
 1.0202762e-08 6.0920066e-14 1.9916512e-18 8.1782590e-15 1.2922804e-17
 3.6193466e-08 3.4324048e-09 7.7679183e-18 1.5236841e-09 4.5224752e-10
 9.5728616e-09 2.9737992e-12 1.3619697e-06 9.9124932e-14 3.8052980e-07
 6.7032052e-13 2.7574376e-06 9.3737020e-15 6.4858839e-18 2.2615195e-15
 4.7410613e-09 8.4014982e-02]
[1.0108645e-02 2.4328049e-20 2.8329801e-17 1.1588959e-20 2.4288519e-11
 1.3777252e-20 9.4173010e-21 1.5545233e-20 8.9945568e-21 2.5010728e-14
 8.5374230e-10 1.4203675e-15 6.6847995e-21 6.4196051e-17 1.2457405e-19
 1.2112182e-09 5.0349330e-10 2.0443959e-20 3.0142647e-10 7.0486525e-12
 2.0814983e-10 4.9795495e-14 7.2432478e-08 2.4488072e-15 1.1401750e-07
 1.0917426e-13 3.5012818e-07 4.5821327e-16 3.0157558e-20 6.8481429e-17
 4.3728490e-10 9.8989081e-01]
[3.7887700e-02 8.9697768e-26 3.8712469e-22 3.1090620e-26 9.6706788e-14
 7.6905421e-26 4.9676226e-26 5.4602801e-26 1.3509471e-26 4.6350553e-17
 3.1139875e-11 1.2239568e-19 6.6805595e-27 1.4587657e-21 1.2418915e-24
 1.9075579e-12 1.5132999e-12 7.3236880e-25 1.4036659e-13 8.1104021e-14
 2.6530975e-13 8.1481881e-18 2.2178670e-09 3.0587485e-18 8.0540596e-10
 1.2163201e-17 6.5280923e-09 3.0600658e-19 1.3945335e-25 2.2149207e-20
 9.7842860e-13 9.6211231e-01]
[4.0659946e-03 2.0350456e-17 2.7096616e-15 9.1131340e-18 1.2148425e-10
 6.1130897e-18 1.5795657e-17 1.2551573e-17 1.1993483e-17 7.9743915e-13
 1.0932703e-08 3.0741084e-13 7.8533454e-18 1.9745673e-14 3.7321291e-17
 1.1401137e-07 1.1841466e-09 1.0000652e-17 1.4662250e-09 6.2325911e-10
 4.7768824e-09 2.9730851e-13 6.7302301e-07 9.5930581e-14 7.0900732e-08
 2.9405514e-12 1.3292095e-06 4.5662140e-14 1.4554249e-17 3.5944593e-15
 6.5786514e-09 9.9593180e-01]
[3.97789031e-01 3.51285036e-18 2.83540404e-15 1.50311456e-18
 6.14299861e-11 1.25229210e-18 1.63783891e-18 6.75342223e-18
 3.23900519e-18 1.32667499e-12 8.50972270e-09 1.64814682e-13
 9.82819091e-19 1.15714535e-14 1.21012992e-17 2.28977342e-07
 3.87496568e-09 3.16106616e-18 3.18271498e-09 3.91250532e-10
 1.39529837e-08 3.09446913e-13 1.47107630e-06 4.42769397e-14
 1.19753949e-07 5.43621918e-12 4.99003636e-06 1.44510123e-14
 2.87704191e-18 2.29852004e-15 2.10616875e-08 6.02204204e-01]
[6.1493833e-02 2.0444929e-17 5.9111143e-15 9.2223549e-18 5.9039489e-11
 8.7118207e-18 7.1304805e-18 1.1849058e-17 9.6180881e-18 1.3324016e-12
 1.1077202e-08 4.3339993e-13 5.0147576e-18 1.9550659e-14 5.1585541e-17
 1.1780478e-07 8.1064195e-09 7.8651914e-18 5.0610192e-09 6.3637567e-10
 1.2873871e-08 6.0414960e-13 1.3881452e-06 1.7475240e-13 1.7221090e-07
 2.6454188e-12 3.0393815e-06 1.7237739e-14 7.9733709e-18 2.9673555e-15
 1.3402292e-08 9.3850142e-01]
[4.2734522e-02 1.8199041e-18 1.5134768e-15 1.9026649e-18 5.0883572e-11
 2.0608293e-18 2.2218963e-18 1.7419719e-18 9.9593249e-19 5.0307593e-13
 5.4779781e-09 1.9401521e-13 1.1602839e-18 6.4294273e-15 1.0060481e-17
 9.8250808e-08 2.8124949e-09 2.7186507e-18 2.3923894e-09 1.4315388e-10
 7.0662702e-09 5.4934421e-13 1.0557459e-06 1.1410874e-13 3.2223465e-07
 9.0368441e-13 2.2597796e-06 8.0403188e-15 4.3834451e-18 2.9834898e-15
 4.5428248e-09 9.5726174e-01]
[1.44771794e-02 1.21547400e-17 4.13566886e-15 5.67980011e-18
 1.56344923e-10 6.15976959e-18 1.97519828e-17 1.50342558e-17
 1.29097632e-17 1.58139127e-12 5.73935077e-09 2.04088171e-13
 1.05922148e-17 1.58954847e-14 5.29803756e-17 3.97939601e-08
 2.50028798e-09 1.08349667e-17 2.93887559e-09 2.48388365e-10
 5.79885873e-09 8.07937538e-13 1.04034621e-06 1.28294226e-13
 1.04576294e-07 4.31941982e-12 1.25608005e-06 2.11866132e-14
 2.04041816e-17 4.68016366e-15 5.17759080e-09 9.85520422e-01]
[9.9990833e-01 6.6269858e-25 4.1155330e-22 2.5395489e-25 1.3842600e-13
 3.0870117e-25 1.3301203e-25 1.9956808e-25 1.4839129e-25 3.8902208e-17
 1.2846421e-12 9.7341445e-20 5.4098374e-26 2.2227662e-21 1.1521561e-24
 1.0263257e-12 1.3270973e-13 7.2899662e-24 2.6026099e-14 2.1890060e-14
 5.3507410e-14 1.0990635e-17 2.8741973e-10 4.2827032e-18 2.7586987e-11
 1.6954385e-17 4.2139273e-10 3.6186606e-19 7.5840930e-25 1.4921930e-20
 2.2074429e-13 9.1611946e-05]
[9.9333847e-01 5.1386830e-18 1.5592572e-15 2.9542201e-18 5.7943089e-10
 3.3213415e-18 3.9722909e-18 3.6577013e-18 3.3518891e-18 1.3119343e-12
 9.4648778e-09 4.9554439e-14 2.0591942e-18 6.3992060e-15 2.3105568e-17
 2.3541133e-08 4.0520622e-09 1.7159208e-17 1.0459369e-09 9.9698594e-10
 3.1783773e-09 3.1280284e-12 8.7194041e-07 1.4740538e-13 2.7009321e-07
 8.6811862e-13 1.2289768e-06 4.9854970e-14 1.0051079e-17 4.2827078e-15
 1.3556821e-09 6.6592032e-03]
[2.5614405e-01 1.6038715e-20 2.4434338e-17 6.7365193e-21 3.3821290e-11
 9.5018996e-21 1.2277529e-20 1.3522552e-20 2.3101301e-20 1.3466593e-13
 1.0386864e-09 1.4179552e-15 7.1336630e-21 6.8467433e-17 9.3759908e-20
 1.0324330e-09 2.1136242e-09 2.2225459e-20 7.7599438e-10 1.4569367e-12
 2.1118503e-10 3.8869841e-14 5.1599210e-07 2.1661853e-15 3.5613797e-07
 1.9240029e-13 1.0096462e-06 1.3618297e-16 2.8517814e-20 7.4886461e-17
 4.3076567e-10 7.4385405e-01]
[2.8669564e-03 1.8811222e-21 8.4428102e-19 4.4227288e-22 1.2189338e-11
 9.1453278e-22 1.0835350e-21 1.0093148e-21 7.6975548e-22 8.7955766e-15
 1.8149188e-10 9.3636548e-17 3.1495402e-22 2.8584330e-18 6.4787064e-21
 8.8860280e-11 1.8013720e-10 1.2869507e-21 1.1839198e-10 6.2326164e-13
 1.4685069e-11 2.9298826e-14 2.8996928e-08 4.5922976e-16 3.2658946e-08
 3.6489887e-15 6.1177623e-08 2.2879233e-17 3.2914876e-21 7.5934800e-18
 1.7298258e-11 9.9713290e-01]
[3.3925065e-07 2.2071691e-35 1.7556357e-31 2.2205971e-35 3.7042033e-20
 3.7803451e-36 2.5249587e-35 1.8340984e-35 8.9980046e-36 1.1066741e-24
 3.2915641e-17 1.5838457e-26 7.6353673e-37 7.5608173e-30 8.4401843e-35
 2.1021406e-18 8.9804860e-20 3.0430929e-34 9.6618078e-22 9.6939364e-20
 1.2604175e-19 9.4495368e-26 7.6695742e-16 7.2739015e-26 2.2016980e-17
 6.3911274e-24 4.3897588e-15 3.1757811e-26 2.1423161e-35 1.5296493e-27
 2.9288050e-18 9.9999964e-01]
[1.8143274e-03 7.2850807e-22 1.5692562e-18 7.7679550e-22 1.6102483e-12
 3.5877149e-22 2.1923746e-21 1.9926722e-21 3.2096599e-21 2.0522109e-15
 8.2735147e-12 4.1048834e-16 7.8434675e-22 3.9912635e-18 1.6308147e-20
 5.9189814e-10 1.2024004e-12 1.5629809e-21 6.4067621e-13 9.0448753e-14
 3.9043640e-11 1.7574384e-16 3.8985415e-09 1.0426270e-16 1.8675628e-10
 3.3344776e-13 5.0204942e-09 8.3918810e-17 4.6603469e-21 9.1220673e-16
 2.2522241e-11 9.9818569e-01]
[6.4806390e-01 4.5985276e-17 1.6544796e-14 2.6597286e-17 2.6703875e-10
 3.6370827e-17 3.8732795e-17 5.0369301e-17 3.3891380e-17 4.3737019e-12
 4.9443752e-08 1.3524052e-12 3.0995189e-17 4.0385640e-14 2.1965731e-16
 3.2242912e-07 7.8934628e-09 3.6744144e-17 1.3521088e-08 1.3801680e-09
 2.7170925e-08 3.4911119e-12 4.7838416e-06 5.7546822e-13 9.1852559e-07
 5.2090190e-12 8.2461956e-06 5.2445238e-14 6.2303217e-17 1.8760945e-14
 2.1833870e-08 3.5192174e-01]
[1.22311839e-03 5.76185671e-22 1.31014883e-18 5.15446310e-22
 1.58211931e-12 1.71477320e-22 1.56915334e-21 1.77076650e-21
 2.54890213e-21 1.42173750e-15 5.43281522e-12 2.30614011e-16
 6.95797785e-22 3.12247260e-18 1.21785616e-20 4.85519347e-10
 1.25126342e-12 1.27543041e-21 6.88369121e-13 4.73493959e-14
 2.74539436e-11 1.19990171e-16 3.44038753e-09 6.62901484e-17
 1.90178151e-10 1.93499825e-13 5.25371480e-09 4.27019617e-17
 3.17918609e-21 3.03959705e-16 2.78553396e-11 9.98776853e-01]
[1.73428655e-01 7.12474733e-18 5.57962879e-15 6.33347297e-18
 1.01180793e-10 9.72122674e-18 1.52541899e-17 9.74673699e-18
 9.22007274e-18 3.76072480e-12 3.07511030e-08 5.93763266e-13
 8.22321340e-18 1.59706741e-14 9.89098173e-17 7.12651968e-07
 8.73031158e-09 1.20232687e-17 8.33893132e-09 9.08885966e-10
 4.48744615e-08 1.73638849e-12 7.30680404e-06 3.82268571e-13
 4.09217790e-07 6.79332979e-12 7.51864354e-06 1.13275234e-13
 2.46140280e-17 1.72498819e-14 1.14940475e-08 8.26555312e-01]
[3.1772757e-01 7.9374266e-17 1.3498220e-14 2.6757370e-17 1.6091996e-10
 2.9871077e-17 3.1988606e-17 6.8887674e-17 4.6664038e-17 3.4033863e-12
 3.8098747e-08 1.8710940e-12 3.6805037e-17 3.6707786e-14 1.5668948e-16
 3.4948260e-07 1.1150461e-08 3.3636754e-17 1.7887714e-08 2.6603493e-09
 2.9926248e-08 1.3463675e-12 2.7537242e-06 5.0800504e-13 2.1641259e-07
 5.1545630e-12 5.8052178e-06 7.8561649e-14 3.9961856e-17 1.0757041e-14
 3.6471036e-08 6.8226320e-01]
[1.0794072e-06 1.4736978e-29 4.3244951e-26 1.3835498e-30 6.7585626e-17
 8.2655966e-29 7.8921698e-30 8.0489344e-30 2.5463301e-30 2.9014552e-20
 3.6145274e-14 2.2862370e-22 5.1314372e-31 4.7727449e-24 1.1290320e-28
 2.8606126e-15 3.2568787e-16 5.4321781e-29 2.1087421e-17 1.5641346e-16
 3.4007417e-16 1.2191131e-21 1.6710983e-13 1.6551989e-21 6.2978804e-14
 1.1963876e-19 1.0790455e-12 5.6001036e-22 1.4179011e-29 7.2917708e-23
 1.2905189e-14 9.9999893e-01]
[9.8926735e-01 6.7495017e-19 3.7891238e-16 2.8889389e-19 1.2653847e-10
 3.1194488e-19 4.8505359e-19 6.2784725e-19 2.2184935e-19 2.6757462e-13
 2.1520457e-09 1.4908707e-14 1.4394220e-19 1.0969256e-15 2.0725236e-18
 2.1581178e-08 1.6109194e-09 3.5176629e-18 2.5474597e-10 7.5454765e-10
 1.9563080e-09 1.3458405e-12 5.4223500e-07 5.6392401e-14 7.4987987e-08
 1.4800681e-13 1.2919309e-06 1.6800497e-14 8.9046706e-19 9.6502104e-16
 1.1016046e-09 1.0730666e-02]
[6.5204394e-03 3.8587393e-26 4.8308753e-23 1.0897867e-26 2.5888018e-15
 6.4375896e-27 8.0298837e-27 6.7887713e-27 3.1702504e-27 4.0765748e-18
 5.3000846e-12 3.1428201e-20 4.5156078e-27 8.0315274e-22 5.9886049e-26
 6.9547372e-15 2.7780548e-13 1.9046199e-25 3.9832864e-15 1.0529689e-14
 6.7671969e-15 7.6037032e-19 5.7442870e-11 2.0251224e-18 1.2634491e-11
 3.3708181e-18 1.3813591e-10 4.9684374e-20 8.3860513e-27 1.5869898e-21
 3.4097933e-13 9.9347961e-01]
[2.2592260e-04 6.4141439e-20 7.6453200e-17 1.9658083e-20 6.1845390e-12
 4.7013957e-20 8.3475772e-20 1.2873173e-19 1.0350674e-19 1.9525487e-14
 1.0433873e-10 2.2546169e-14 5.1304485e-20 3.8981221e-16 6.4773634e-19
 1.1413087e-09 3.1968185e-11 5.8261924e-20 3.4515453e-11 3.7530517e-12
 4.1870521e-10 4.7628362e-15 2.2747528e-08 1.7156073e-15 2.2776736e-09
 2.6365238e-13 1.4616842e-07 4.5870000e-16 6.1087553e-20 1.4197074e-16
 1.8807481e-10 9.9977392e-01]
[8.69683802e-01 7.75207531e-18 3.40162926e-15 4.23405218e-18
 1.05670472e-10 3.31008585e-18 4.19543277e-18 5.78854334e-18
 2.31351126e-18 9.63386489e-13 1.18017915e-08 3.10041977e-13
 2.34251532e-18 1.40333886e-14 2.92542416e-17 2.10314781e-07
 7.72931497e-09 5.17328226e-18 5.17003107e-09 4.21338131e-10
 1.67569745e-08 7.92921230e-13 1.55176758e-06 1.39091890e-13
 2.43532384e-07 3.10628129e-12 6.57714600e-06 2.05348857e-14
 6.45477901e-18 2.67298590e-15 1.43925272e-08 1.30307645e-01]
[4.2762773e-07 2.0423656e-34 1.0967187e-30 4.3166347e-34 3.0292752e-19
 2.1577678e-35 2.4232423e-34 2.2390989e-34 1.8595242e-34 7.3926001e-24
 5.0330701e-17 1.2670323e-25 9.0602762e-36 4.5596518e-29 9.9564730e-34
 1.2995904e-17 6.3054406e-19 3.0952992e-33 4.2486860e-21 1.7483348e-19
 4.5366173e-19 4.0087648e-25 3.6152586e-15 4.1130924e-25 6.1915852e-17
 2.8870116e-23 2.0363417e-14 4.2374447e-25 1.0999007e-34 1.2244798e-26
 8.8594278e-18 9.9999952e-01]
[1.47970242e-03 1.73631084e-18 6.46539878e-16 3.05196068e-19
 9.00129797e-12 9.43079887e-19 1.08728528e-18 1.21257502e-18
 9.99371699e-19 1.04164954e-13 7.85349175e-10 2.67704543e-14
 4.24560867e-19 2.18318994e-15 3.28096640e-18 7.00592517e-09
 3.02221748e-10 8.22917375e-19 5.26205635e-10 4.93242946e-11
 8.48650039e-10 4.09715461e-14 1.32541274e-07 1.33350201e-14
 1.28315678e-08 4.86200598e-13 4.27980297e-07 5.65197345e-15
 9.53738212e-19 4.13637952e-16 2.08625495e-09 9.98519719e-01]
[5.1089879e-03 2.4892773e-17 3.2198073e-15 6.6518461e-18 1.2258089e-10
 5.2715468e-18 1.4045960e-17 1.3816965e-17 9.9534676e-18 6.8011704e-13
 1.0650084e-08 3.0931323e-13 5.1972085e-18 1.6881333e-14 3.1440414e-17
 8.0250764e-08 1.3563610e-09 1.0722351e-17 2.1305249e-09 4.7095400e-10
 3.5610499e-09 5.0538827e-13 9.6181020e-07 9.3919399e-14 6.7316776e-08
 3.1791334e-12 1.4343358e-06 3.6895227e-14 1.6153239e-17 3.4591487e-15
 6.9139818e-09 9.9488848e-01]
[9.99111950e-01 1.78149333e-19 3.77125240e-17 5.41479150e-20
 1.43476786e-10 3.58464244e-20 5.82226778e-20 1.07387347e-19
 4.21817005e-20 1.54683666e-13 8.16119838e-10 2.62553998e-15
 4.55460056e-20 2.56406270e-16 3.98532982e-19 2.97926972e-09
 1.23675814e-09 6.02147419e-19 8.29314603e-11 3.32330968e-10
 2.34426895e-10 3.39962352e-13 1.06483220e-07 3.86730951e-14
 2.99839726e-08 5.02410478e-14 1.66651290e-07 7.56330372e-15
 2.74939636e-19 8.25532339e-17 3.60525887e-10 8.87778529e-04]
[8.84356141e-01 2.35065618e-20 2.39706800e-17 1.02500401e-20
 1.12559935e-11 1.36674439e-20 1.82696732e-20 1.63265549e-20
 5.05809757e-21 2.95243837e-14 2.43085885e-09 3.18896766e-15
 3.53933378e-21 8.27091409e-17 1.06147422e-19 1.59631792e-08
 9.03675884e-11 2.88102936e-20 1.80721813e-10 2.43551013e-12
 8.56264393e-10 2.38738489e-14 4.88538717e-07 7.27229507e-16
 1.01953169e-07 1.75616510e-14 3.33228331e-06 2.01597216e-16
 1.71845205e-20 5.93345653e-17 8.01350764e-10 1.15639992e-01]
[4.7856234e-03 1.7494776e-20 1.9687428e-17 1.6725503e-20 6.4392398e-12
 1.6994595e-20 2.3233999e-20 1.8129340e-20 1.5012674e-20 4.1160184e-14
 3.9408374e-10 1.7033582e-15 4.3940085e-21 7.3827749e-17 8.5665409e-20
 6.9119799e-10 5.8035104e-10 5.6380844e-20 5.2663168e-10 1.5120905e-12
 1.3877509e-10 2.8520670e-14 6.9034755e-08 2.7528465e-15 3.8227796e-08
 1.5406136e-13 3.3629794e-07 9.8291358e-17 3.6543285e-20 2.9176043e-17
 2.4853838e-10 9.9521387e-01]
[3.38983635e-04 4.85486793e-25 3.02921739e-21 4.49440583e-25
 1.19046564e-13 8.68788292e-25 1.10449451e-24 1.38388873e-24
 5.28331505e-25 4.99853796e-17 6.08659867e-12 1.08025890e-18
 1.36705071e-25 7.65929827e-21 9.08546724e-24 9.77392321e-13
 3.00173135e-13 6.89071973e-24 8.34668723e-15 2.07122205e-14
 3.56304694e-13 1.36734295e-17 1.42410764e-10 2.88616261e-18
 5.37542476e-11 9.19891082e-17 5.02927311e-10 2.18039391e-18
 5.44975997e-24 2.51116809e-19 9.65347702e-13 9.99660969e-01]
[8.6137497e-01 2.2037603e-18 3.0513824e-15 1.5264129e-18 1.1689408e-10
 2.3990498e-18 1.9016601e-18 4.8456592e-18 1.5192617e-18 1.7035143e-12
 7.6344726e-09 1.2299963e-13 1.6931854e-18 4.9502947e-15 1.1450773e-17
 5.3311574e-08 2.9499609e-09 3.7792488e-18 6.0675029e-09 7.1004716e-11
 9.4967252e-09 1.7686838e-12 4.5538795e-06 6.1014677e-14 7.7090482e-07
 9.1518297e-13 1.2569887e-05 3.5676587e-15 3.0020657e-18 1.8179188e-15
 3.5659420e-09 1.3860703e-01]
[4.5716753e-03 5.5969017e-18 9.5540965e-16 1.5113934e-18 4.7965416e-11
 1.7874858e-18 4.2081800e-18 4.9174407e-18 2.6118222e-18 4.1594180e-13
 2.7870259e-09 6.1988819e-14 1.2013849e-18 9.5140214e-15 1.2149861e-17
 2.8922297e-08 1.3730048e-09 3.2051048e-18 1.7500811e-09 9.9652869e-11
 2.0226854e-09 2.3350072e-13 6.0572830e-07 3.5574787e-14 5.4761379e-08
 2.2139189e-12 1.4440967e-06 8.2025375e-15 3.0241320e-18 2.5448690e-15
 4.5847948e-09 9.9542624e-01]
[6.23140077e-04 3.14150763e-19 1.19244729e-16 1.00163772e-19
 1.64089090e-11 9.61275960e-20 1.50270735e-19 2.80135054e-19
 2.00063014e-19 9.73848281e-14 4.81243823e-10 7.83376388e-15
 8.66203892e-20 3.21721351e-16 7.41234634e-19 4.02488087e-09
 7.70584763e-10 3.39639067e-19 1.44968773e-10 3.04753271e-11
 6.67430111e-10 3.30092073e-13 1.17940345e-07 5.36137339e-15
 4.03638403e-08 3.36395713e-14 2.46202944e-07 1.03534097e-15
 3.00786497e-19 1.82318230e-16 1.71632375e-10 9.99376476e-01]
[9.9909842e-01 2.3361475e-19 4.2717013e-17 7.0192311e-20 1.4577399e-10
 4.9062922e-20 3.7533996e-20 1.5085086e-19 6.9612871e-20 1.3552977e-13
 1.0785816e-09 3.6703238e-15 5.1002968e-20 3.2751413e-16 4.5901054e-19
 3.2883163e-09 1.1705258e-09 6.6662186e-19 9.8645203e-11 5.3827731e-10
 2.3028585e-10 3.6781345e-13 8.0483446e-08 6.3039336e-14 3.3286604e-08
 4.4528752e-14 1.5029461e-07 8.1679184e-15 2.5952874e-19 1.0268487e-16
 3.6225661e-10 9.0140110e-04]
[9.0876383e-01 3.6532498e-18 2.4941565e-15 1.4491988e-18 4.2356292e-11
 1.4698769e-18 3.0572990e-18 2.6817826e-18 1.5321780e-18 7.7411227e-13
 1.8385528e-08 3.8835745e-13 2.0623135e-18 1.0617197e-14 1.3667722e-17
 2.4807542e-07 3.1382914e-09 3.1211568e-18 3.9693298e-09 7.4931400e-10
 2.8291076e-08 2.6692765e-13 3.3580529e-06 5.5593015e-14 8.9293096e-08
 3.6123248e-12 6.6237058e-06 3.2959136e-14 6.6459888e-18 4.4658118e-15
 1.9313234e-08 9.1225751e-02]
[1.07807660e-04 1.55379664e-18 2.80085394e-16 9.10379162e-19
 2.32046795e-11 5.47719090e-19 6.85993290e-19 8.83447506e-19
 1.07151498e-18 7.29360962e-14 8.46824388e-10 4.11016266e-14
 4.49638320e-19 2.47688083e-15 6.34319400e-18 6.94143987e-09
 7.35562611e-10 1.55997330e-18 4.98331598e-10 5.83343304e-11
 1.06253473e-09 1.20880451e-13 1.08394914e-07 1.48819064e-14
 2.25240928e-08 3.60330120e-13 3.02323315e-07 4.68802794e-15
 1.36755878e-18 4.30108772e-16 6.51321941e-10 9.99891758e-01]
[3.3366475e-01 9.7489456e-17 1.2078740e-14 2.5522416e-17 1.1944512e-10
 1.9543202e-17 2.4008216e-17 8.8748565e-17 5.9414557e-17 2.1178948e-12
 2.9855943e-08 1.1646416e-12 2.2381788e-17 4.2471696e-14 1.1239860e-16
 2.2288926e-07 1.2253439e-08 3.0327585e-17 1.9027318e-08 1.9308855e-09
 2.7761258e-08 1.2565499e-12 3.0594463e-06 4.0181132e-13 2.6140231e-07
 5.5789514e-12 7.8115345e-06 9.1728450e-14 4.6806654e-17 1.0733223e-14
 3.8332132e-08 6.6632372e-01]
[9.99986053e-01 4.47040049e-26 4.40000928e-23 1.71622360e-26
 1.68735824e-15 1.43927441e-26 2.15491069e-26 1.88056505e-26
 1.25641145e-26 2.23808790e-18 1.93993666e-13 5.74185282e-21
 4.90552191e-27 2.69453050e-22 8.96448899e-26 1.25402368e-16
 1.21329379e-13 5.29306340e-25 2.37431573e-15 1.10133299e-14
 3.38299771e-16 1.12556162e-18 1.29995121e-11 3.28474435e-18
 1.31521627e-12 1.44774381e-18 3.04196737e-11 3.59867575e-20
 3.29878273e-26 1.93606590e-21 1.45291480e-13 1.39519116e-05]
[1.99066271e-04 8.33828663e-19 4.02127806e-16 8.83046737e-19
 2.91205740e-11 3.84379017e-19 6.50169648e-19 1.21562256e-18
 1.02280976e-18 1.05480505e-13 7.49371121e-10 2.59612176e-14
 6.07993001e-19 1.19307195e-15 3.92276013e-18 7.19250481e-09
 3.73624187e-10 1.37274397e-18 5.66438840e-10 4.31535675e-11
 9.50024392e-10 5.57629301e-14 1.47997184e-07 1.20152665e-14
 3.45237297e-08 5.17908416e-13 4.04168873e-07 4.93485673e-15
 1.05628803e-18 3.03616101e-16 8.47993065e-10 9.99800384e-01]
[5.24454284e-04 1.31810073e-18 2.27771077e-16 5.22307998e-19
 1.20886964e-11 6.32385834e-19 8.70583503e-19 9.19305579e-19
 7.05700816e-19 7.19518371e-14 1.14976539e-09 2.21249122e-14
 4.18969643e-19 1.91627038e-15 6.40881134e-18 6.61174937e-09
 2.62406846e-10 7.69005620e-19 2.20689467e-10 6.19458165e-11
 7.14112491e-10 3.02408821e-14 7.55296199e-08 1.14386954e-14
 4.21614033e-09 3.15339091e-13 1.15502189e-07 3.42801370e-15
 8.99837469e-19 4.74569002e-16 1.60840896e-09 9.99475420e-01]
[9.9953830e-01 5.6193251e-22 6.4097492e-19 4.6587267e-22 3.2298589e-13
 4.1082389e-22 7.0335479e-22 7.7710074e-22 2.4466742e-22 5.8114727e-15
 7.3218834e-11 5.6554888e-17 4.4401004e-22 2.6730732e-18 2.5133010e-21
 9.1304631e-11 4.3627664e-11 7.7860809e-22 4.3396526e-11 9.6515652e-15
 1.7273077e-11 1.4596942e-15 3.7278856e-08 3.9598119e-17 1.6651192e-08
 2.1507067e-15 9.4700859e-08 9.6032888e-19 1.4294379e-21 4.5805461e-18
 1.5096134e-11 4.6154574e-04]
[4.0107332e-03 4.0757038e-18 1.1782795e-15 1.1741542e-18 2.4710723e-11
 1.8327239e-18 2.5685341e-18 3.4861213e-18 1.5605655e-18 3.5034340e-13
 2.0031805e-09 7.6990775e-14 1.1904127e-18 7.0049002e-15 8.5581148e-18
 1.6243437e-08 1.6555841e-09 1.6676070e-18 1.1769714e-09 1.8219443e-10
 2.4881814e-09 1.1678051e-13 3.2314392e-07 3.4800095e-14 3.8216829e-08
 1.3425298e-12 1.0521843e-06 1.2344972e-14 2.5655964e-18 1.2693184e-15
 5.4668963e-09 9.9598783e-01]
[3.0829085e-04 3.3591725e-19 3.9281754e-16 2.7496262e-19 9.6534057e-12
 1.3843564e-19 4.6367676e-19 4.2067777e-19 2.5442305e-19 8.3218107e-14
 1.1731720e-09 1.5229934e-14 1.0843495e-19 7.9041965e-16 2.2078377e-18
 3.2379222e-09 7.0052492e-10 4.6790211e-19 3.3884348e-10 2.3235407e-11
 5.4827431e-10 5.2461487e-14 7.9548350e-08 7.6315822e-15 2.2118448e-08
 2.3592689e-13 5.2324668e-07 1.1338360e-15 3.5247228e-19 2.2891526e-16
 9.8995079e-10 9.9969113e-01]
[9.9999177e-01 5.6305773e-26 4.4813948e-23 8.0218225e-27 2.1762650e-15
 1.4012247e-26 2.8289430e-26 1.8733729e-26 1.3135348e-26 1.9140349e-18
 1.8011737e-13 5.4567732e-21 5.7675084e-27 2.5170696e-22 9.4209560e-26
 9.0798425e-17 9.6752325e-14 8.2709162e-25 2.6927878e-15 4.5069226e-15
 2.8000122e-16 1.3730277e-18 2.2506857e-11 2.3660887e-18 1.2969737e-12
 1.7845396e-18 4.4595168e-11 4.0727892e-20 3.3426560e-26 1.8356580e-21
 1.2579808e-13 8.2601337e-06]
[8.59194808e-03 1.89994474e-18 1.77984492e-15 1.50523483e-18
 1.97877936e-10 1.66385033e-18 1.26054312e-18 5.28899615e-18
 3.08681016e-18 9.49867789e-13 1.05574465e-08 7.71583047e-14
 1.12115016e-18 3.32971976e-15 1.38030214e-17 3.91987491e-08
 6.05402262e-09 4.94301214e-18 1.09017573e-09 1.69843595e-09
 6.71580436e-09 4.96479724e-12 5.37809342e-07 8.04727107e-14
 1.90551162e-07 6.12969744e-13 3.09093548e-06 2.47404246e-14
 6.17521264e-18 2.62759213e-15 2.91685498e-09 9.91404176e-01]
[3.5926034e-03 7.7357755e-19 2.9206347e-16 3.3824509e-19 4.1919398e-12
 2.5044547e-19 5.5683007e-19 7.6689026e-19 1.2198203e-18 9.6981613e-14
 1.3743362e-09 3.2436788e-14 5.4535635e-19 7.9614607e-16 1.5670692e-18
 1.8452500e-08 3.1583486e-10 3.7059783e-19 5.8065663e-10 2.0472610e-11
 1.0273806e-09 2.7291237e-14 2.1394774e-07 6.2279876e-15 4.9614619e-09
 2.6981634e-13 4.4759128e-07 1.4793783e-15 4.5240617e-19 3.2864148e-16
 1.1416316e-09 9.9640673e-01]
[9.7372591e-01 2.6212411e-21 3.9251499e-18 2.0899791e-21 1.8368148e-12
 6.6342637e-22 2.9965674e-21 2.8628154e-21 1.0171844e-21 2.7594070e-15
 3.4870606e-11 8.7604118e-16 4.0967107e-22 1.1228559e-17 8.5230202e-21
 8.3325263e-10 2.0389667e-12 2.7369954e-21 2.2704057e-12 2.6035180e-13
 8.1430092e-11 2.7022275e-16 7.2335067e-09 1.5182774e-16 3.7335940e-10
 2.4396059e-13 2.6926843e-08 1.6804326e-16 5.9518436e-21 1.3152742e-15
 1.2360274e-10 2.6274081e-02]
[7.58167505e-01 4.10261318e-18 2.31407262e-15 2.03588960e-18
 2.06058018e-10 3.75629127e-18 2.43926340e-18 4.56584466e-18
 2.34503822e-18 3.48939866e-12 1.46750612e-08 1.57861612e-13
 2.27017693e-18 4.68566006e-15 1.24408295e-17 2.21135792e-07
 3.79795617e-09 6.62817798e-18 7.81768783e-09 1.94966099e-10
 1.14029080e-08 3.72850752e-12 5.72023282e-06 1.61143492e-13
 1.22758308e-06 1.78327156e-12 9.12882388e-06 7.02754480e-15
 5.42602606e-18 3.26375157e-15 5.18358201e-09 2.41816074e-01]
[3.5494397e-04 6.8273063e-19 3.1465299e-16 4.2283177e-19 1.4330318e-11
 2.4587564e-19 6.6245256e-19 7.2255007e-19 7.2933476e-19 6.0928123e-14
 5.4006422e-10 3.3044703e-14 2.9087726e-19 8.7306052e-16 3.6659842e-18
 8.3322300e-09 1.2714672e-10 6.0947500e-19 2.7231445e-10 5.9367157e-11
 9.1913932e-10 4.3634652e-14 5.4444588e-08 7.3521630e-15 1.0492283e-08
 4.0447257e-13 2.0126880e-07 2.8921927e-15 4.9789273e-19 4.0052980e-16
 1.5662338e-09 9.9964476e-01]
[1.1683284e-04 5.4810724e-19 2.6524800e-16 2.8454307e-19 1.0656863e-11
 1.4488921e-19 2.1972357e-19 2.7822535e-19 3.1449466e-19 4.8007540e-14
 3.5844586e-10 1.7899119e-14 1.3907202e-19 1.2439661e-15 1.0255940e-18
 4.6894320e-09 4.1528928e-10 3.8655179e-19 1.9415236e-10 1.4721948e-11
 4.5323470e-10 7.6253680e-14 4.5766814e-08 7.0094492e-15 3.1002422e-08
 2.3259839e-13 1.8218859e-07 8.3450972e-16 5.4936947e-19 1.5615567e-16
 5.2010418e-10 9.9988294e-01]
[6.8455094e-01 5.8211744e-17 1.3507674e-14 2.2915581e-17 2.5018318e-10
 2.5311687e-17 2.2236145e-17 5.0300678e-17 4.1103422e-17 3.2521772e-12
 3.2984932e-08 1.8614370e-12 2.1620933e-17 5.4211708e-14 1.7888464e-16
 4.6755113e-07 1.1110424e-08 2.7982448e-17 1.9119403e-08 1.5262772e-09
 4.0832699e-08 3.1731946e-12 3.2892490e-06 3.4155713e-13 6.0464941e-07
 7.7356593e-12 7.8026405e-06 6.0002425e-14 3.0185230e-17 1.1157023e-14
 3.1031842e-08 3.1543669e-01]
[7.0754257e-03 1.5751593e-17 2.6224871e-15 6.1718493e-18 1.0377501e-10
 5.1893730e-18 1.0335430e-17 7.7978722e-18 1.0335547e-17 5.0061040e-13
 9.4662758e-09 2.4209600e-13 5.4527705e-18 1.7297458e-14 3.3864658e-17
 1.0852316e-07 7.8782442e-10 9.8810016e-18 1.2397859e-09 4.5692328e-10
 3.6461929e-09 2.2957637e-13 7.5425106e-07 7.8530837e-14 4.8570492e-08
 1.9556355e-12 1.0918064e-06 2.7076555e-14 9.8313716e-18 3.6392271e-15
 8.1226741e-09 9.9292254e-01]
[2.6006391e-02 2.2120141e-17 6.3519365e-15 1.2578747e-17 1.7907863e-10
 9.1749765e-18 2.3403575e-17 3.2462541e-17 2.4028227e-17 2.1702781e-12
 9.4263752e-09 2.9108340e-13 1.7113149e-17 2.8501307e-14 7.6394186e-17
 7.0404262e-08 4.3059569e-09 1.8980648e-17 5.7865122e-09 3.6003892e-10
 7.3147532e-09 1.1277330e-12 1.9022525e-06 2.0708218e-13 1.5488959e-07
 3.8711387e-12 1.7670156e-06 3.3166815e-14 3.1522642e-17 6.4788487e-15
 8.1522327e-09 9.7398961e-01]
[3.8578466e-01 1.1679351e-16 1.3666022e-14 3.5117837e-17 2.6546326e-10
 3.6769919e-17 3.5950494e-17 5.4295381e-17 4.0354440e-17 5.2543781e-12
 5.2474782e-08 1.8068266e-12 3.9550672e-17 7.0723653e-14 1.6446414e-16
 1.0346821e-06 5.3414286e-09 3.9327710e-17 1.0254735e-08 2.4781412e-09
 3.2622999e-08 1.0930358e-12 2.8809832e-06 3.6421688e-13 2.6792742e-07
 8.9398046e-12 7.0012070e-06 1.3163289e-13 4.2426014e-17 1.5987044e-14
 2.5234550e-08 6.1420405e-01]
[9.45439458e-01 2.03574277e-18 2.35287436e-15 1.01922900e-18
 3.40879130e-11 3.01886492e-18 2.59210032e-18 3.35286618e-18
 1.42361392e-18 1.01499505e-12 1.27222259e-08 1.23266821e-13
 1.36629527e-18 5.11160159e-15 1.09990785e-17 1.88253509e-07
 3.44275253e-09 2.90713702e-18 2.31255415e-09 4.71500838e-10
 1.41305447e-08 5.01258648e-13 3.35905406e-06 8.24325824e-14
 1.47591749e-07 1.24143198e-12 8.15019303e-06 1.82462992e-14
 4.00305537e-18 4.24715025e-15 7.89332599e-09 5.45487888e-02]
[2.27421358e-01 6.44130638e-17 1.35692705e-14 1.92649091e-17
 3.61208036e-10 2.87239096e-17 4.02551912e-17 7.89392090e-17
 6.03201080e-17 3.19001834e-12 2.93330640e-08 1.33095217e-12
 2.38595136e-17 5.19918276e-14 1.41917909e-16 1.14673405e-07
 4.79867612e-09 3.12387968e-17 1.18655166e-08 1.26172373e-09
 1.17263177e-08 1.67983238e-12 1.78816583e-06 2.12407322e-13
 5.63685632e-08 6.81599178e-12 4.06989921e-06 1.47471892e-13
 3.29875691e-17 2.03721012e-14 2.05923811e-08 7.72572517e-01]
[9.99706924e-01 1.37864826e-21 6.82767854e-19 1.02430951e-21
 2.20593578e-11 8.70305581e-22 9.01494692e-22 1.02420782e-21
 1.08408017e-21 2.33517869e-14 1.28653976e-10 7.14670550e-17
 7.10406782e-22 4.58989080e-18 1.07925300e-20 6.39959197e-11
 1.58863131e-10 7.20087542e-21 9.69481700e-12 2.75737354e-12
 1.18845021e-11 1.61918852e-14 2.07808259e-08 1.10889879e-15
 4.99904607e-09 8.07136171e-15 2.02895318e-08 9.48914335e-17
 6.45014601e-21 2.01462154e-17 1.05507166e-11 2.93066725e-04]
[5.0834119e-03 5.1360754e-27 2.9573472e-24 7.5556962e-28 8.9950147e-15
 1.1572597e-27 2.0269363e-27 2.7145245e-27 4.2464213e-28 3.9270325e-18
 3.4188132e-12 6.8672147e-21 3.0937977e-28 1.4322976e-22 2.5046431e-26
 1.2984168e-13 1.7493648e-13 1.7354650e-26 1.2109704e-14 5.6156819e-15
 9.7418970e-15 1.2720450e-18 2.1546215e-10 2.5505566e-19 4.6516506e-11
 9.4690239e-19 4.9131244e-10 2.0884317e-20 2.3230962e-27 4.5628548e-22
 1.8984433e-13 9.9491656e-01]
[1.2102258e-02 8.1531859e-18 1.9472587e-15 2.5397292e-18 2.8393147e-11
 3.1043549e-18 3.5938140e-18 3.8272737e-18 5.4727878e-18 5.3584790e-13
 4.3327719e-09 1.3553862e-13 1.5534472e-18 4.6527173e-15 8.2227452e-18
 2.6175398e-08 9.0210051e-10 2.9145144e-18 1.0475593e-09 1.3242181e-10
 2.8169371e-09 1.3834164e-13 4.5435257e-07 7.0504922e-14 2.7331778e-08
 2.2455076e-12 1.1937786e-06 1.4710746e-14 2.8788235e-18 3.2235931e-15
 5.7099174e-09 9.8789608e-01]
[9.9865049e-01 1.2211018e-21 1.6027487e-18 6.0972319e-22 3.4012342e-11
 6.9380688e-22 2.7601731e-22 4.8191692e-22 5.5624463e-22 1.7007305e-14
 3.2927136e-10 7.9846216e-17 4.4488665e-22 1.0227959e-17 3.6168355e-21
 2.1847729e-10 7.8702475e-11 1.0755164e-20 4.9925272e-12 4.9951081e-12
 8.7423254e-12 9.2130334e-15 1.1885645e-08 6.6102520e-16 1.2882050e-08
 2.6726596e-15 4.6236874e-08 1.2634813e-16 2.1561056e-21 9.6856696e-18
 4.3567715e-11 1.3495031e-03]
[7.6901686e-04 1.8785277e-19 7.6972782e-17 7.5731345e-20 3.7103563e-11
 1.4291086e-19 1.6863505e-19 3.4243711e-19 1.5559289e-19 5.5552226e-14
 1.0572953e-09 3.6595686e-15 7.6984711e-20 1.9441966e-16 8.7782609e-19
 1.7287850e-09 2.4026572e-10 4.1704474e-19 7.0463656e-11 2.9001026e-11
 2.6728375e-10 1.2915786e-13 1.3843753e-07 4.7160025e-15 2.2630298e-08
 1.1428530e-13 6.9351088e-08 7.9103269e-16 2.9590954e-19 5.9710968e-16
 1.3415004e-10 9.9923074e-01]
[8.2150352e-01 6.7363666e-18 1.4394370e-15 1.9079599e-18 8.4289485e-11
 2.7744246e-18 2.4756573e-18 4.1873984e-18 1.6449964e-18 7.1188124e-13
 1.0406129e-08 3.9172794e-13 1.9171892e-18 9.8402943e-15 1.5805006e-17
 1.0905099e-07 2.2455138e-09 5.1263212e-18 7.0506410e-09 3.6558415e-10
 1.3449925e-08 7.6150723e-13 1.8339811e-06 1.4397899e-13 3.6587909e-07
 1.9812554e-12 8.5927495e-06 1.7702145e-14 6.6708506e-18 2.3525171e-15
 9.7331041e-09 1.7848556e-01]
[4.6824561e-03 7.5763788e-18 9.3495592e-16 7.5112808e-19 3.2451802e-11
 1.0413235e-18 2.9284181e-18 1.3091750e-18 2.8209740e-18 1.5528888e-13
 3.9989905e-09 7.2889550e-14 1.0465163e-18 3.4853436e-15 6.3576961e-18
 1.6533013e-08 5.0346799e-10 1.7565743e-18 7.7191392e-10 8.6237274e-11
 1.1564881e-09 4.1491306e-14 2.1900627e-07 2.2521674e-14 1.2904911e-08
 1.5022959e-12 1.1680385e-06 1.0045667e-14 1.2842354e-18 8.2645338e-16
 3.2976650e-09 9.9531615e-01]
[1.13435879e-01 8.97158372e-17 1.01429036e-14 3.46268194e-17
 2.45779369e-10 3.81483953e-17 3.90351858e-17 1.00864836e-16
 9.50629312e-17 4.08448492e-12 5.40028005e-08 1.26363590e-12
 3.34301107e-17 2.72960416e-14 2.43495503e-16 3.74519942e-07
 2.14319940e-09 3.81389356e-17 8.50732551e-09 2.25376962e-09
 2.17985932e-08 1.32221447e-12 2.33218907e-06 4.93514084e-13
 1.09833778e-07 8.27286937e-12 3.32187665e-06 1.67092495e-13
 4.44250947e-17 1.83431100e-14 2.73482410e-08 8.86557758e-01]
[7.0066267e-04 9.3619715e-25 3.6777363e-21 8.3367530e-25 3.7050837e-13
 1.0314209e-24 1.3326160e-24 1.5893813e-24 6.4449458e-25 5.4918546e-17
 6.0684027e-12 2.7045237e-18 1.8446209e-25 1.3337935e-20 1.3384909e-23
 2.4627253e-12 4.4626079e-13 4.4777599e-24 2.1217406e-14 4.4521908e-14
 8.2311637e-13 2.6952456e-17 3.0082431e-10 3.8978289e-18 5.3112924e-11
 1.1700961e-16 7.3467260e-10 6.2670611e-18 5.6675700e-24 4.7256275e-19
 2.6952011e-12 9.9929929e-01]
[4.07238454e-01 1.16388986e-17 2.84351565e-15 3.79322695e-18
 3.26413271e-11 4.45219087e-18 3.83530604e-18 1.37892514e-17
 5.86436189e-18 7.04043377e-13 1.19216681e-08 2.72878074e-13
 3.31236308e-18 1.14220970e-14 2.38144223e-17 1.40241411e-07
 7.00769176e-09 5.05771066e-18 4.46315340e-09 4.83067975e-10
 9.31328348e-09 9.48274445e-13 8.95488483e-07 1.10569025e-13
 8.31388860e-08 2.23437891e-12 5.84711961e-06 2.00208011e-14
 4.33669702e-18 2.91171366e-15 1.60303983e-08 5.92754543e-01]
[9.9943656e-01 1.3676227e-21 7.8150261e-19 3.0375141e-22 1.2696050e-11
 3.3553541e-22 2.0645415e-22 5.8451872e-22 3.9362821e-22 1.0994814e-14
 7.3102545e-11 3.3583973e-17 3.2154710e-22 7.5016340e-18 1.7890725e-21
 6.2108686e-11 4.2601315e-11 5.0890554e-21 3.7930136e-12 3.1659135e-12
 8.7967281e-12 7.2413092e-15 1.1388608e-08 3.7296385e-16 3.5088934e-09
 1.5570423e-15 1.7615823e-08 1.2244552e-16 1.3012912e-21 4.5915381e-18
 2.9358661e-11 5.6337216e-04]
[9.5460385e-01 4.0474413e-19 2.2067376e-16 1.4166183e-19 2.8373430e-11
 2.2760451e-19 1.9075485e-19 3.2974198e-19 2.6656198e-19 1.4929334e-13
 5.5625913e-09 3.9486728e-14 6.5440791e-20 4.7191641e-16 1.3487701e-18
 8.8309356e-08 7.1137629e-10 4.3988224e-19 1.4903417e-09 2.1886598e-11
 6.4792589e-09 2.9281609e-13 1.5924232e-06 9.7016257e-15 2.3039388e-07
 9.1575395e-14 4.2158272e-06 1.6950079e-15 6.2063398e-19 3.6945751e-16
 1.0195148e-09 4.5390058e-02]
[9.5740837e-01 1.2478506e-19 7.8061802e-17 3.3867585e-20 4.2885305e-12
 5.4793090e-20 6.5253842e-20 6.1897628e-20 1.4766389e-20 4.6842670e-14
 1.2443703e-09 7.3838471e-15 2.4817121e-20 1.5100455e-16 3.3845646e-19
 3.2188364e-08 1.4644816e-10 1.0295597e-19 3.3121850e-10 7.5660138e-12
 1.5609357e-09 1.0437270e-14 3.2529036e-07 1.9472396e-15 3.9539991e-08
 1.2153169e-13 1.5402741e-06 4.7119151e-16 3.4758265e-20 1.1526141e-16
 1.0875141e-09 4.2589787e-02]
[3.4731633e-03 1.9108228e-21 9.1398561e-18 3.3093210e-22 1.2481611e-12
 1.6672915e-21 1.6305461e-21 3.6563710e-21 2.0167304e-21 3.1685385e-15
 2.4046150e-11 1.7309056e-15 2.8842618e-22 1.6359823e-17 5.9524931e-21
 4.6546689e-10 5.4829973e-12 3.2898257e-21 7.8250817e-12 1.4753572e-12
 1.4639752e-10 1.1828536e-16 9.1470147e-09 1.1776220e-16 3.7591555e-10
 4.2420887e-13 6.2173662e-08 7.3690047e-17 2.0118127e-21 2.3284938e-16
 5.5060168e-10 9.9652678e-01]
[9.61541891e-01 1.74770339e-21 1.71836050e-18 5.82162586e-22
 3.37598838e-11 2.43532938e-21 1.41760279e-21 9.95150582e-22
 1.03820911e-21 2.63605750e-14 1.10059517e-09 2.23369020e-16
 4.33639339e-22 3.01986891e-18 6.89113263e-21 2.78066570e-10
 2.36545422e-10 2.65843106e-21 1.91887242e-10 1.82217761e-12
 2.80537173e-11 2.80579003e-14 1.10120716e-07 5.43944601e-16
 1.73345200e-07 1.35622494e-14 1.26426215e-07 2.62943991e-17
 3.34236624e-21 7.10178727e-18 3.83699808e-11 3.84576395e-02]
[6.2220008e-03 9.9715961e-18 8.2218418e-16 2.0755248e-18 1.6303472e-11
 1.6672347e-18 2.1845693e-18 3.7388708e-18 2.4056679e-18 2.0701335e-13
 1.6599445e-09 1.1033406e-13 1.5459451e-18 3.0443963e-15 1.1358678e-17
 1.8643769e-08 7.0275213e-10 2.7265403e-18 5.4898086e-10 1.4354715e-10
 2.1908093e-09 1.1653065e-13 2.7269223e-07 3.4596654e-14 2.5745164e-08
 1.0926124e-12 5.8552376e-07 1.8015251e-14 2.6545961e-18 2.1194211e-15
 4.9440851e-09 9.9377716e-01]
[1.14331728e-04 1.35824336e-19 8.26887261e-17 7.23474136e-20
 7.69592463e-12 6.56605695e-20 1.45132432e-19 1.01733166e-19
 1.87013878e-19 1.64302742e-14 2.05200898e-10 4.77626844e-15
 4.20550740e-20 1.53750350e-16 4.63851868e-19 2.14037255e-09
 1.33732969e-10 2.44891964e-19 4.34370317e-11 5.66227273e-12
 1.71626158e-10 2.13030294e-14 3.78917839e-08 2.14860770e-15
 1.03832702e-08 1.21056919e-13 1.01480289e-07 2.72524725e-16
 1.51826197e-19 1.25584586e-16 2.74063300e-10 9.99885559e-01]
[5.1993929e-02 2.2594116e-18 1.5858144e-15 3.2816480e-18 6.8999056e-11
 3.6024944e-18 3.3055070e-18 2.4680817e-18 2.4190341e-18 6.9672252e-13
 1.1502118e-08 2.5586244e-13 2.0990492e-18 6.9528797e-15 1.7622185e-17
 9.8999557e-08 3.4449636e-09 3.2044671e-18 3.6291805e-09 2.3678029e-10
 8.7183647e-09 1.4084600e-12 1.4185408e-06 1.1293956e-13 2.3712390e-07
 6.9859206e-13 4.9923110e-06 1.1773365e-14 6.3822837e-18 3.7588904e-15
 4.4912545e-09 9.4799930e-01]
[2.2993480e-09 1.4379104e-35 5.8459321e-32 2.0835684e-36 5.3224868e-21
 5.2733362e-36 7.1892880e-36 3.0662566e-36 6.0552344e-36 9.4001099e-25
 1.6847366e-17 3.2876837e-27 2.9794421e-37 1.0241439e-30 1.4583336e-34
 3.2947923e-18 2.2377508e-19 7.6985256e-34 1.9951533e-20 5.7122864e-21
 2.6599595e-20 5.8813808e-26 1.9490446e-15 1.8537966e-25 5.6681685e-17
 1.7307785e-25 8.8259451e-16 6.6740660e-27 6.5488186e-36 3.2455637e-28
 2.8303271e-18 1.0000000e+00]
[1.6041197e-02 1.3919372e-18 1.0162883e-15 2.6103191e-19 1.9951549e-11
 7.5680336e-19 9.6114086e-19 9.4680303e-19 4.6033082e-19 1.3553155e-13
 4.8216746e-09 4.4033475e-14 2.5074864e-19 3.5262155e-15 2.4366344e-18
 2.7549593e-08 3.7747189e-10 5.2084373e-19 5.0552279e-10 2.1340080e-10
 2.0782231e-09 3.6474550e-14 1.6644235e-07 1.6130011e-14 1.0209354e-08
 2.9064552e-12 9.4637369e-07 5.7026472e-15 6.8102075e-19 1.6718093e-15
 1.6724309e-08 9.8395765e-01]
[1.6576897e-02 3.1606756e-17 3.0383777e-15 5.0408490e-18 1.9527920e-10
 9.5752691e-18 1.2941879e-17 1.6623789e-17 1.5505658e-17 1.5518776e-12
 1.7748576e-08 3.4150617e-13 8.5151544e-18 1.4313630e-14 4.1707631e-17
 6.2715202e-08 1.1720485e-09 1.2231222e-17 2.0886413e-09 5.8238031e-10
 5.3881228e-09 2.0355739e-13 1.0040185e-06 1.2656196e-13 3.0638727e-08
 5.4712428e-12 3.3087663e-06 3.7573619e-14 1.5389512e-17 9.3924460e-15
 1.5384654e-08 9.8341864e-01]
[5.08284926e-01 1.08166862e-16 1.80684579e-14 4.25495288e-17
 2.24688990e-10 4.32532345e-17 4.75754716e-17 1.03212361e-16
 1.09146713e-16 4.25896644e-12 4.25677449e-08 2.04277676e-12
 5.71314128e-17 5.77465457e-14 2.06417337e-16 4.38814169e-07
 1.42306140e-08 4.36961964e-17 2.19252083e-08 3.36393025e-09
 4.13076826e-08 2.61053484e-12 3.73221883e-06 8.76140848e-13
 3.14962307e-07 8.25582051e-12 7.27238148e-06 8.74520860e-14
 6.33439759e-17 1.76993904e-14 4.29285407e-08 4.91703212e-01]
[5.1199454e-03 8.0872358e-19 5.9148618e-16 3.1929789e-19 3.8716499e-11
 2.9971357e-19 6.2913822e-19 1.2424109e-18 5.2244603e-19 2.1751211e-13
 1.9932911e-09 2.1756551e-14 3.9722865e-19 1.4976301e-15 4.3026937e-18
 1.3656662e-08 1.9108841e-09 9.3078188e-19 3.6950043e-10 8.2118208e-11
 2.1975650e-09 1.2358396e-12 4.8062168e-07 2.9463801e-14 2.0477209e-07
 1.2309903e-13 1.7557707e-06 3.5800961e-15 8.8829044e-19 5.2353015e-16
 7.0334644e-10 9.9487758e-01]
[9.37984791e-03 3.49176427e-20 1.53008015e-17 1.13774291e-20
 2.38465966e-11 1.27900355e-20 9.26044690e-21 1.30374214e-20
 1.36079644e-20 2.84913152e-14 3.87148397e-10 2.11545335e-15
 7.83920763e-21 6.13577895e-17 9.01125066e-20 1.29853039e-09
 5.90580862e-10 2.18161713e-20 4.06847056e-10 1.90150196e-12
 2.05634149e-10 3.61118098e-14 1.08067830e-07 1.23470976e-15
 9.22081540e-08 6.32862699e-14 2.47642589e-07 2.46848244e-16
 3.01789576e-20 3.93812649e-17 1.36358605e-10 9.90619659e-01]
[8.3043335e-05 3.2723844e-19 1.5681402e-16 2.6668003e-19 1.1525866e-11
 1.2695390e-19 2.9450067e-19 2.2388367e-19 3.8974540e-19 7.2552058e-14
 3.8422249e-10 9.7176295e-15 1.3321616e-19 5.4171383e-16 1.8071901e-18
 2.2093869e-09 1.0834083e-10 4.6286060e-19 1.2930469e-10 1.0852795e-11
 3.7633560e-10 2.4481148e-14 4.7450261e-08 3.9023265e-15 7.9261806e-09
 2.5022118e-13 8.4111889e-08 4.2720072e-16 3.0916199e-19 2.3785283e-16
 6.2397360e-10 9.9991679e-01]
[1.7109235e-03 2.1463430e-18 6.8944760e-16 4.2356484e-19 1.5273210e-11
 3.8648786e-19 1.5191603e-18 8.2735329e-19 1.2311361e-18 1.3116513e-13
 2.3776821e-09 5.3076833e-14 4.0269251e-19 1.7507546e-15 1.9904038e-18
 7.6035489e-09 3.4725350e-10 8.7829396e-19 3.0603134e-10 4.3473492e-11
 3.8562592e-10 2.8645750e-14 1.4441410e-07 1.6497440e-14 8.3541938e-09
 6.0841311e-13 4.8320635e-07 4.8424230e-15 6.6276626e-19 4.9871479e-16
 1.4650736e-09 9.9828845e-01]
[9.8808527e-01 6.8213191e-19 3.0683922e-16 4.3664181e-19 6.4390104e-11
 3.9509651e-19 1.0080564e-18 2.7742154e-19 3.4990128e-19 3.2549107e-13
 1.6037675e-09 1.9690726e-14 1.1177885e-19 1.1600064e-15 3.7454693e-18
 5.7612506e-09 4.0831008e-10 1.6156758e-18 1.8144726e-10 2.5503336e-10
 5.8290150e-10 1.2082087e-13 2.0695475e-07 1.2545896e-14 5.4557066e-08
 5.9173559e-13 2.3145560e-07 3.2455463e-15 1.0404881e-18 4.0564882e-15
 5.2385268e-10 1.1914207e-02]
[3.3250451e-02 1.4063178e-18 2.8478738e-16 4.1902791e-19 7.5811218e-11
 5.9931686e-19 1.0022131e-18 9.8054414e-19 4.9805232e-19 2.2603849e-13
 1.7478902e-09 1.8705781e-14 1.8523594e-19 9.7318580e-16 4.4674619e-18
 4.4532493e-09 1.2110538e-09 1.0435887e-18 3.7053596e-10 9.4659516e-11
 1.3018459e-09 2.4617155e-13 2.8348558e-07 1.5873755e-14 7.3064214e-08
 3.1248723e-13 1.4464460e-06 1.2124484e-15 1.0895074e-18 1.1834362e-15
 1.0024758e-09 9.6674770e-01]
[9.74785805e-01 4.10339616e-20 3.45090619e-17 4.07800721e-20
 5.89132519e-12 3.63242730e-20 3.23539709e-20 5.61154545e-20
 2.72335517e-20 1.47965719e-13 1.09039022e-09 2.79761832e-15
 3.28228789e-20 1.57898270e-16 4.19028864e-19 5.57631363e-09
 4.92696606e-10 5.15374719e-20 4.20344370e-10 1.00372206e-12
 5.46152401e-10 5.46229389e-14 2.54951431e-07 3.57301155e-15
 8.01633817e-08 6.30211690e-14 1.09605105e-06 1.03813655e-16
 1.01859951e-19 1.19776295e-16 3.96363553e-10 2.52127219e-02]
[8.5882258e-01 4.4849237e-18 1.3557590e-15 2.1121854e-18 2.0920177e-11
 1.3159760e-18 2.1734218e-18 5.8010007e-18 2.1974986e-18 5.4706283e-13
 2.3591042e-08 2.1146457e-13 2.0881192e-18 4.5828883e-15 8.6587786e-18
 3.5712281e-07 2.9298648e-09 4.7842766e-18 1.3640166e-09 1.1558300e-09
 1.2220676e-08 2.3337763e-13 1.9740289e-06 6.1415750e-14 6.2756648e-08
 3.1704368e-12 5.4382722e-06 3.0844518e-14 2.0171997e-18 7.6621686e-15
 1.1639030e-08 1.4116949e-01]
[1.8990446e-03 4.6944915e-18 1.9941553e-15 3.1921700e-18 7.8448956e-11
 2.6891640e-18 6.5134307e-18 8.0986466e-18 6.9376912e-18 6.0253555e-13
 2.6831202e-09 1.7926283e-13 2.7386695e-18 4.8749558e-15 2.2098287e-17
 2.7384432e-08 3.4080392e-09 1.0850133e-17 1.7282208e-09 3.8034131e-10
 4.8765982e-09 7.3288690e-13 6.5471841e-07 6.9954527e-14 1.5972414e-07
 1.5687448e-12 1.1052225e-06 2.7835757e-14 1.0472313e-17 3.0514375e-15
 1.5085775e-09 9.9809903e-01]
[3.91376810e-03 1.33157542e-17 1.87823987e-15 8.29283058e-18
 6.75674863e-11 8.62436291e-18 1.87030169e-17 1.05923373e-17
 1.46089923e-17 4.41398843e-13 1.03730775e-08 3.36605825e-13
 6.11670946e-18 5.98522205e-15 5.42491879e-17 8.84021958e-08
 4.18432677e-10 1.01927710e-17 8.00210842e-10 4.91633123e-10
 2.50697862e-09 1.55391271e-13 6.60780643e-07 8.12017351e-14
 2.03428812e-08 3.23265980e-12 9.29341127e-07 5.10961106e-14
 1.81412818e-17 5.67868252e-15 5.28798383e-09 9.96084452e-01]
[1.4498777e-03 3.3861445e-19 2.2456680e-16 1.6509614e-19 5.5361951e-11
 5.5058031e-19 5.9602820e-19 1.0059765e-18 3.9866735e-19 1.6426362e-13
 1.3323704e-09 1.1214072e-14 2.4021620e-19 5.1925936e-16 2.1437777e-18
 2.7119509e-09 5.8215616e-10 7.0658430e-19 2.1648122e-10 6.5014702e-11
 5.9906496e-10 1.8746192e-13 3.1845136e-07 1.3294858e-14 7.3207076e-08
 3.7954468e-13 2.7826488e-07 1.1646736e-15 7.4668053e-19 8.6578599e-16
 3.1169195e-10 9.9854940e-01]
[2.8871873e-02 4.0723203e-19 2.4861650e-16 3.8038066e-19 4.9500039e-11
 4.3162339e-19 5.7806524e-19 3.4786721e-19 2.5347032e-19 1.9994922e-13
 2.5561560e-09 1.2630998e-14 1.7974767e-19 6.0926355e-16 2.7047228e-18
 3.9813908e-09 1.0301657e-09 7.5054450e-19 3.0905001e-10 7.0710653e-11
 7.6986056e-10 1.8111412e-13 4.4442999e-07 8.5277041e-15 8.8464432e-08
 2.8036097e-13 1.2493755e-06 9.7593559e-16 5.8641186e-19 9.6140272e-16
 8.3800455e-10 9.7112638e-01]
[5.6916213e-04 1.3532097e-19 9.1188172e-17 6.6317487e-20 2.4987375e-11
 1.7630609e-19 1.9735556e-19 2.7777077e-19 1.5268034e-19 7.1054924e-14
 9.8725872e-10 5.4743409e-15 8.9514061e-20 2.6690585e-16 9.9165896e-19
 1.6373203e-09 2.7015487e-10 2.6471524e-19 1.2577060e-10 3.4222226e-11
 2.3603405e-10 1.1463698e-13 1.4522189e-07 5.8650285e-15 2.8757373e-08
 9.9145328e-14 1.3018649e-07 5.9201870e-16 2.7735782e-19 4.8216784e-16
 1.8850572e-10 9.9943048e-01]
[1.38708174e-01 6.35985569e-21 1.62021190e-17 1.88817748e-21
 2.64097563e-11 3.32023209e-21 6.69611188e-21 5.28458713e-21
 6.12667477e-21 5.48236925e-14 8.03853706e-10 6.25558925e-16
 1.92408956e-21 3.18243877e-17 3.43205153e-20 7.10847603e-10
 1.29140842e-09 1.28078215e-20 4.25144697e-10 8.04648557e-13
 1.04977492e-10 2.06034022e-14 3.78101049e-07 7.31664995e-16
 3.45143974e-07 9.78468337e-14 8.41137023e-07 6.93027402e-17
 1.21288847e-20 2.87486324e-17 3.03045450e-10 8.61290276e-01]
[2.04335898e-04 1.35757751e-18 3.76927279e-16 6.00675141e-19
 1.28249494e-11 6.78194476e-19 4.82748086e-19 8.33811654e-19
 8.80754619e-19 8.47695869e-14 8.79747886e-10 3.34481215e-14
 3.06281484e-19 2.16953026e-15 5.73479025e-18 9.83994308e-09
 7.93366761e-10 9.39627855e-19 5.93971983e-10 5.38951453e-11
 1.51810930e-09 1.31185820e-13 9.64980984e-08 2.09688613e-14
 2.54342289e-08 3.42735551e-13 2.84360368e-07 3.34481071e-15
 9.39377013e-19 3.48866825e-16 6.84249823e-10 9.99795258e-01]
[9.6219063e-01 1.7678380e-21 1.7714524e-18 1.0594972e-21 9.8294966e-12
 1.1293185e-21 1.2228464e-21 1.4772417e-21 8.2299962e-22 7.5313511e-15
 5.6680723e-11 1.8408546e-16 3.5139270e-22 5.8110501e-18 1.3931565e-20
 6.3668842e-10 3.6389038e-11 5.9619774e-21 1.6408269e-11 6.5764023e-13
 2.2521708e-11 4.9229097e-15 4.1972115e-08 1.8883448e-16 9.5333057e-09
 7.3176220e-14 1.3525526e-07 5.9384507e-17 6.9954567e-21 6.1987784e-17
 2.7258340e-11 3.7809134e-02]
[9.4144475e-01 6.8947024e-22 2.4499611e-18 5.7705486e-22 6.0559747e-12
 6.0003754e-22 1.0520186e-21 1.7132518e-21 9.6442585e-22 2.2534085e-15
 1.3350319e-11 6.9504697e-16 1.4983481e-22 5.2975864e-18 1.2902398e-20
 8.6940899e-10 1.3176217e-12 4.3717715e-21 1.0965550e-12 9.9540290e-14
 3.3545996e-11 3.5532580e-16 1.0863566e-08 9.5468071e-17 5.2655436e-10
 8.6661461e-13 4.5651909e-08 2.2391745e-16 4.6149400e-21 1.1894395e-15
 8.4860161e-11 5.8555145e-02]
[3.0968875e-01 8.1175138e-17 8.3489149e-15 1.1026040e-17 1.3405735e-10
 2.5666936e-17 1.9110026e-17 4.7937519e-17 4.4214031e-17 2.1584904e-12
 3.3748424e-08 1.3315991e-12 1.8303351e-17 2.9337105e-14 1.1716094e-16
 2.2239175e-07 1.9930084e-09 1.8428337e-17 6.7995884e-09 1.7132344e-09
 3.0321907e-08 9.1081071e-13 1.7187716e-06 3.0266764e-13 6.0733555e-08
 5.2359380e-12 5.8503169e-06 1.1392764e-13 2.5933257e-17 1.2570362e-14
 2.4001295e-08 6.9030327e-01]
[9.9898213e-01 8.4520569e-25 7.4016408e-22 4.8651374e-25 5.5001847e-13
 9.5641447e-25 3.1200312e-25 7.6780325e-25 2.3922838e-25 9.8484163e-17
 3.7663228e-12 2.0180491e-19 1.0403064e-25 8.4506872e-21 2.0890969e-24
 2.1656366e-12 3.5237118e-13 1.4869236e-23 8.4603128e-14 8.2332876e-14
 1.1218339e-13 1.7670580e-17 8.1616325e-10 1.3455638e-17 6.2606739e-11
 2.6594566e-17 7.4008816e-10 9.3072967e-19 1.0058875e-24 2.8888795e-20
 2.9972853e-13 1.0178991e-03]
[1.8214593e-02 1.9917390e-18 6.0537895e-16 9.5533343e-19 5.8540484e-10
 4.4357354e-19 7.3082999e-19 2.4989534e-18 1.0270797e-18 5.5532223e-13
 5.2866973e-09 2.6742905e-14 5.4616502e-19 2.1297638e-15 6.5129472e-18
 1.2620162e-08 4.7602633e-09 3.9494731e-18 5.7475041e-10 1.4068251e-09
 1.7764376e-09 3.2561779e-12 6.4381982e-07 7.8312804e-14 1.7160369e-07
 3.9085965e-13 6.2671444e-07 2.7963422e-14 2.6257430e-18 2.9294111e-15
 9.3313268e-10 9.8178399e-01]
[1.8157441e-03 6.2549787e-27 6.7991866e-24 4.8812225e-27 2.5466882e-15
 2.9361599e-27 3.7646145e-27 2.4129814e-27 1.0704436e-27 3.7890373e-18
 4.0776675e-12 6.7714487e-21 9.6849018e-28 6.6602333e-23 1.0674634e-26
 6.8430873e-15 7.6875274e-14 3.0627367e-26 4.1765899e-15 2.2954647e-14
 5.0761448e-15 6.1511503e-19 3.2600176e-11 6.6684070e-19 6.1155742e-12
 1.1469089e-18 5.6272320e-11 1.7153992e-20 2.6166899e-27 4.4625930e-22
 4.8897556e-13 9.9818426e-01]
[7.0291933e-10 3.2721913e-36 4.8378772e-32 6.5812967e-37 1.4379097e-21
 1.8389251e-36 5.3178998e-36 2.1466596e-36 1.3681484e-36 7.4555274e-25
 1.6922340e-17 1.5021710e-27 6.2335871e-38 1.0832477e-30 7.2865617e-35
 2.5198912e-18 2.3722255e-19 3.2822959e-34 3.3278584e-20 2.1143394e-20
 3.6776644e-20 2.9395731e-26 1.2503684e-15 4.6453372e-26 2.8861298e-17
 8.2495844e-26 6.0804340e-16 3.6445663e-27 1.9421586e-36 2.9367793e-28
 3.3142428e-18 1.0000000e+00]
[9.9908829e-01 4.7393002e-21 3.2402964e-18 4.0958313e-21 6.0059180e-11
 4.2612330e-21 2.6019398e-21 2.2215026e-21 3.0488648e-21 7.5197173e-14
 1.6086932e-10 1.6266981e-16 3.2059636e-21 1.8090511e-17 2.7255110e-20
 1.3697928e-10 3.4454450e-10 2.4884882e-20 2.4364236e-11 3.6438140e-12
 3.1921410e-11 3.0297975e-14 3.2737351e-08 4.5389116e-15 1.1184795e-08
 1.8038752e-14 4.7541434e-08 1.8966444e-16 2.8593197e-20 7.2147130e-17
 4.1830296e-11 9.1162248e-04]
[6.4862865e-01 2.3907075e-17 6.0861041e-15 9.7632062e-18 1.0377269e-10
 7.4252463e-18 9.6676635e-18 2.3088153e-17 1.5279851e-17 2.0798393e-12
 2.1401915e-08 5.7063463e-13 7.6345751e-18 2.2612705e-14 6.0764469e-17
 1.9009434e-07 9.5603063e-09 8.3264199e-18 1.1782077e-08 8.7981122e-10
 1.9237977e-08 1.2269168e-12 2.4893111e-06 1.2726535e-13 3.3125988e-07
 1.9668663e-12 6.1115725e-06 2.9502090e-14 1.4511441e-17 4.2541696e-15
 1.6566910e-08 3.5136217e-01]
[2.21531719e-01 1.00766500e-16 1.56845650e-14 3.22473549e-17
 2.93796376e-10 4.04042194e-17 4.66209581e-17 1.06781592e-16
 5.82646965e-17 3.29861030e-12 3.89125319e-08 1.75754832e-12
 3.43777123e-17 7.55953527e-14 1.82624022e-16 2.01763072e-07
 7.06144343e-09 5.45378674e-17 1.81046733e-08 1.74358106e-09
 2.25827428e-08 1.57294902e-12 2.75306115e-06 4.67515078e-13
 1.05886954e-07 6.97147418e-12 6.51419987e-06 1.53126535e-13
 4.96544544e-17 2.13260263e-14 3.00906748e-08 7.78458655e-01]
[7.14288978e-03 7.97683269e-18 1.27222295e-15 2.32856595e-18
 2.56820711e-11 3.66558471e-18 2.41929422e-18 5.95768978e-18
 3.45982539e-18 4.53714025e-13 2.97353808e-09 1.31030007e-13
 2.66797304e-18 1.04521392e-14 1.18912060e-17 2.74833365e-08
 1.33542266e-09 3.45283758e-18 1.33662548e-09 1.11244000e-10
 1.90220062e-09 1.28293630e-13 4.23368078e-07 5.09455149e-14
 4.18369659e-08 1.66497838e-12 1.52813413e-06 1.17846966e-14
 6.82463875e-18 2.08705339e-15 5.51646551e-09 9.92855132e-01]
[4.2700507e-03 2.7599140e-18 2.8867354e-16 5.0518769e-19 1.0043196e-11
 7.5511167e-19 6.6479430e-19 1.2376906e-18 1.1748206e-18 2.0785469e-13
 1.0668509e-09 3.2890394e-14 4.1749455e-19 3.7360997e-15 3.3421852e-18
 1.2506466e-08 9.5412178e-10 1.0626463e-18 1.2673930e-09 3.9806936e-11
 1.1187349e-09 7.8881149e-14 2.2289095e-07 1.6475330e-14 2.1165098e-08
 6.9823037e-13 1.1222791e-06 4.4488288e-15 1.6215293e-18 5.8540776e-16
 2.1938638e-09 9.9572855e-01]
[1.17808569e-03 4.84300393e-19 1.35691925e-16 1.27314082e-19
 3.81924735e-11 1.69226380e-19 3.17453256e-19 6.45965089e-19
 3.56327772e-19 1.11616025e-13 9.79759718e-10 6.24260487e-15
 2.44917064e-19 2.93075253e-16 1.59257021e-18 1.97934669e-09
 4.27856361e-10 5.90806877e-19 1.63990571e-10 5.66002696e-11
 2.93957331e-10 2.07207908e-13 2.06986741e-07 8.40563225e-15
 3.53289167e-08 1.30161737e-13 1.26450658e-07 9.64085066e-16
 5.07670210e-19 7.73049331e-16 2.10890402e-10 9.98821557e-01]
[9.9996364e-01 2.3940623e-22 3.2209167e-19 9.6777954e-23 3.7274925e-13
 8.3512514e-23 1.2496415e-22 1.3279294e-22 1.1536284e-22 1.5337520e-15
 2.5963072e-11 7.2913647e-18 8.3028734e-23 8.9755776e-19 1.3140073e-21
 1.3378110e-11 1.4384490e-11 4.0648016e-22 6.9070873e-12 3.5657217e-14
 2.9405471e-12 2.1531571e-15 1.1105762e-08 3.0734349e-17 3.7431245e-09
 8.6211130e-16 1.1905521e-08 1.0888285e-18 1.4082729e-21 8.9149411e-19
 2.6711756e-12 3.6330021e-05]
[9.9266028e-01 1.2466889e-18 7.5698742e-16 2.5720602e-19 1.2364773e-11
 1.3209417e-18 1.0617548e-18 1.2389516e-18 3.8164707e-19 1.8820199e-13
 2.4321263e-09 5.8378032e-14 4.7655183e-19 1.2893452e-15 4.1198434e-18
 3.1586772e-08 4.1272691e-10 8.2891666e-19 9.7128428e-10 1.0167034e-10
 4.4636401e-09 1.9673504e-13 4.7066911e-07 1.8462511e-14 5.1057260e-08
 4.1751010e-13 2.0884434e-06 4.4450455e-15 1.0217107e-18 9.7420711e-16
 2.1709072e-09 7.3370361e-03]
[2.2497419e-03 1.9838723e-18 7.4642211e-16 9.2584041e-19 5.9802878e-11
 9.9010779e-19 1.6847764e-18 2.2687581e-18 2.1636092e-18 3.4245453e-13
 2.2493876e-09 7.9676656e-14 7.4941385e-19 2.2040401e-15 7.3977128e-18
 2.4019725e-08 1.1822235e-09 2.8726436e-18 1.5530790e-09 7.4580501e-11
 1.9933033e-09 2.9603357e-13 2.9352097e-07 2.3345700e-14 1.4324004e-07
 1.0279669e-12 5.7938462e-07 1.1029347e-14 3.1691186e-18 9.0671267e-16
 1.5608238e-09 9.9774927e-01]
[2.9920393e-01 3.4501065e-17 9.2697287e-15 8.0422321e-18 9.2931690e-11
 1.3701240e-17 1.5218396e-17 1.6205893e-17 2.6727258e-17 2.6692734e-12
 1.7442201e-08 8.2883342e-13 1.4590181e-17 2.4891302e-14 6.3423048e-17
 3.0168030e-07 5.4096940e-09 1.5446675e-17 1.6155600e-08 2.1765231e-10
 1.8415188e-08 2.0987485e-12 7.6531105e-06 1.7369979e-13 4.4181618e-07
 1.1129400e-11 7.5989869e-06 3.4445096e-14 2.7455489e-17 8.6342253e-15
 1.3131780e-08 7.0077997e-01]
[4.9830973e-03 5.1664229e-18 8.7098587e-16 1.0325772e-18 9.0995553e-12
 1.1772447e-18 2.1982000e-18 2.2100973e-18 1.8165068e-18 1.7265532e-13
 1.6097148e-09 6.1344843e-14 1.1627307e-18 3.9422154e-15 4.4526818e-18
 9.9505941e-09 1.0616051e-09 1.5033772e-18 7.0245210e-10 8.8655382e-11
 9.7364683e-10 5.0500948e-14 2.8794193e-07 1.9308645e-14 2.1883718e-08
 1.1478648e-12 6.4853390e-07 5.2072693e-15 2.4331485e-18 1.0350791e-15
 2.5487137e-09 9.9501592e-01]
[9.31410074e-01 6.36456131e-18 4.48764578e-15 2.97588379e-18
 4.79778439e-11 4.63424423e-18 7.56921215e-18 1.06490024e-17
 6.78008226e-18 8.79147178e-13 1.31071296e-08 3.83966242e-13
 3.20060767e-18 1.06095654e-14 3.07181428e-17 1.26082554e-07
 5.69814640e-09 8.63580861e-18 3.23639915e-09 7.97315103e-10
 7.64838504e-09 7.97213586e-13 9.38368657e-07 1.08553926e-13
 8.88468108e-08 3.40272710e-12 5.68189762e-06 2.01268920e-14
 5.91261009e-18 3.69779306e-15 1.69924874e-08 6.85830638e-02]
[9.8956060e-01 1.3622752e-19 1.9657769e-16 8.5890751e-20 1.5107986e-10
 9.5740592e-20 1.2091855e-19 3.1063589e-19 7.9980223e-20 3.8793816e-13
 3.9193284e-09 1.1204302e-14 3.3971080e-20 1.1620222e-15 9.8382287e-19
 7.8559470e-09 1.7186668e-09 1.2314227e-18 1.6926789e-10 1.2442082e-09
 2.1359803e-09 3.1389594e-13 1.6460524e-07 7.2976273e-14 6.0326450e-08
 1.5014254e-13 1.1126436e-06 1.8658111e-14 4.6644425e-19 4.3373585e-16
 1.1033781e-09 1.0438046e-02]

mu_class:
[ 0.27391115  0.27299076  0.07961605 -0.26250273  0.29979777 -0.12809192
 -0.24239314  0.059265   -0.25766602 -0.01652235  0.18859774 -0.29703704
 -0.2908399  -0.24144673  0.03517474  0.12807304  0.20873974 -0.13413322
  0.24734132  0.19742444 -0.13371201 -0.09230755  0.26636684  0.13170987
  0.09556028 -0.11003689 -0.14510022  0.0379226  -0.18296781  0.00960081
  0.2704524   0.17638019]

mu:
[[ 0.1588305   0.25165924  0.17553975 ...  0.15628248  0.24663623
   0.2523091 ]
 [ 0.17568554  0.16549823  0.17385101 ...  0.17596607  0.16604732
   0.16542655]
 [ 0.03225945 -0.18345504 -0.00657134 ...  0.03818274 -0.17178765
  -0.1849661 ]
 ...
 [ 0.11921307  0.03322698  0.10373421 ...  0.12157476  0.03787639
   0.03262442]
 [-0.03683333  0.24729653  0.01431234 ... -0.04463465  0.23192771
   0.24928671]
 [ 0.17956959  0.27920616  0.1975043  ...  0.17683446  0.27381584
   0.27990395]]

a:
[[-4.08448726e-02  1.67899203e+00  2.56584883e+00  1.78299010e+00
  -1.13637848e-02 -1.35122752e-02 -3.31022181e-02  1.66601849e+00
  -2.76387436e-04 -3.25789601e-02  1.83636653e+00  1.92282748e+00
  -2.94353813e-02 -5.96887385e-03  2.70954108e+00 -1.05936619e-04
  -7.19178701e-04  1.95237350e+00 -1.01461087e-03 -5.97530103e-04
   1.67094278e+00 -3.66421673e-03 -2.58651981e-03 -2.24728457e-04
   1.66310370e+00  1.66294205e+00  1.99247992e+00 -3.73753901e-05
   1.66631460e+00  1.76572561e+00  1.67720425e+00  1.73145354e+00
   1.66143394e+00  1.68157756e+00  2.61891747e+00  2.03563142e+00
   1.74600852e+00 -5.64746894e-02  1.66149914e+00 -7.88787380e-03
  -9.48177949e-02 -2.76577892e-03 -2.16596331e-02  2.73530960e+00
   1.67197454e+00  2.06722808e+00  1.85151422e+00  1.74992907e+00
  -1.31501863e-02 -4.97892573e-02 -5.14804339e-03  2.33160424e+00
   2.73992944e+00  2.76341701e+00 -1.89129002e-02  1.66111350e+00
   1.66802561e+00 -3.31576616e-01 -3.57351592e-03  2.81719661e+00
  -2.18110392e-03  2.04352689e+00 -1.39812531e-03  2.60137916e+00
   2.42662811e+00  2.19729205e-04  1.67230189e+00 -8.40874854e-03
  -7.68933169e-05  1.79958773e+00  2.81719708e+00 -1.73450378e-03
  -6.52664760e-03  1.66195083e+00  1.78377402e+00 -6.11028122e-03
  -2.27585173e-04  1.80861390e+00 -5.81794372e-03 -6.01815176e-04
   1.66196406e+00  1.75768077e+00  8.09403355e-05  2.40762186e+00
   1.66103137e+00 -3.90418099e-05 -4.72548738e-04  1.66150200e+00
  -5.07924426e-03 -1.83067998e-04  1.66102540e+00 -1.11231068e-02
   2.81266260e+00  1.68864703e+00  1.92104721e+00 -2.46868032e-04
   6.78470460e-05  2.00263524e+00 -9.13078431e-03 -3.41194458e-02
   2.34579253e+00  1.71865666e+00  2.53542829e+00  1.66132486e+00
  -6.50736503e-03 -1.57786049e-02  1.66243207e+00 -7.96072010e-04
   1.85173559e+00 -5.96815953e-03  2.67528248e+00 -7.06561550e-04
   2.32048535e+00  1.66160846e+00  1.70890021e+00  1.70589805e+00
  -4.37625358e-03  1.70151389e+00 -8.00880790e-03  7.04657068e-05
   2.75183082e+00  2.21157563e-04 -2.09847335e-02 -2.16717757e-02
   2.20277047e+00 -6.54045539e-03 -1.21872341e-02  1.12126174e-04
  -2.04017269e-03  1.67353237e+00  2.77531290e+00  1.68754268e+00
   1.81128788e+00 -2.28180340e-03 -4.94973967e-03 -1.69474783e-03
   2.78081512e+00 -5.30635298e-04 -1.81285396e-01 -4.66597230e-05
   1.70082712e+00  1.72279835e+00  2.43623853e+00  1.66208458e+00
  -2.38540694e-02 -2.18300847e-03  2.21157563e-04  1.66197383e+00
   2.04285932e+00  2.54260802e+00 -9.21958033e-03 -5.42228855e-03
  -1.33718201e-03  1.66105497e+00  1.66874456e+00 -2.75149522e-03
   2.44884062e+00 -6.36905199e-03  1.73351991e+00  1.67199004e+00]]

g:
[15.975924]
